0 verbose cli /usr/local/bin/node /usr/local/bin/npm
1 info using npm@8.19.4
2 info using node@v16.20.2
3 timing npm:load:whichnode Completed in 0ms
4 timing config:load:defaults Completed in 0ms
5 timing config:load:file:/usr/local/lib/node_modules/npm/npmrc Completed in 3ms
6 timing config:load:builtin Completed in 3ms
7 timing config:load:cli Completed in 4ms
8 timing config:load:env Completed in 0ms
9 timing config:load:project Completed in 6ms
10 timing config:load:file:/usr/src/node-red/.npmrc Completed in 0ms
11 timing config:load:user Completed in 0ms
12 timing config:load:file:/usr/local/etc/npmrc Completed in 1ms
13 timing config:load:global Completed in 1ms
14 timing config:load:validate Completed in 0ms
15 timing config:load:credentials Completed in 1ms
16 timing config:load:setEnvs Completed in 1ms
17 timing config:load Completed in 19ms
18 timing npm:load:configload Completed in 20ms
19 timing npm:load:mkdirpcache Completed in 1ms
20 timing npm:load:mkdirplogs Completed in 0ms
21 verbose title npm install @flowfuse/node-red-dashboard node-red-contrib-ui-qrcode-scanner
22 verbose argv "install" "@flowfuse/node-red-dashboard" "node-red-contrib-ui-qrcode-scanner"
23 timing npm:load:setTitle Completed in 0ms
24 timing config:load:flatten Completed in 2ms
25 timing npm:load:display Completed in 3ms
26 verbose logfile logs-max:10 dir:/data/.npm/_logs
27 verbose logfile /data/.npm/_logs/2025-09-04T01_37_17_583Z-debug-0.log
28 timing npm:load:logFile Completed in 5ms
29 timing npm:load:timers Completed in 0ms
30 timing npm:load:configScope Completed in 0ms
31 timing npm:load Completed in 31ms
32 timing arborist:ctor Completed in 0ms
33 silly logfile start cleaning logs, removing 1 files
34 silly logfile done cleaning log files
35 timing idealTree:init Completed in 102ms
36 timing idealTree:userRequests Completed in 0ms
37 silly idealTree buildDeps
38 silly fetch manifest @flowfuse/node-red-dashboard@*
39 timing arborist:ctor Completed in 0ms
40 http fetch GET 200 https://registry.npmjs.org/@flowfuse%2fnode-red-dashboard 949ms (cache miss)
41 silly fetch manifest node-red-contrib-ui-qrcode-scanner@*
42 http fetch GET 404 https://registry.npmjs.org/node-red-contrib-ui-qrcode-scanner 734ms (cache skip)
43 http fetch GET 404 https://registry.npmjs.org/node-red-contrib-ui-qrcode-scanner 704ms (cache skip)
44 silly placeDep ROOT @flowfuse/node-red-dashboard@1.26.0 OK for: node-red-docker@3.1.9 want: *
45 silly placeDep ROOT node-red-contrib-ui-qrcode-scanner@ OK for: node-red-docker@3.1.9 want: *
46 silly fetch manifest d3@^7.9.0
47 silly fetch manifest vue@^3.5.13
48 silly fetch manifest acorn@^8.14.1
49 silly fetch manifest axios@^1.8.4
50 silly fetch manifest core-js@^3.41.0
51 silly fetch manifest express@^4.21.2
52 silly fetch manifest escodegen@^2.1.0
53 silly fetch manifest chartjs-adapter-luxon@^1.3.1
54 http fetch GET 200 https://registry.npmjs.org/axios 24ms (cache hit)
55 http fetch GET 200 https://registry.npmjs.org/express 26ms (cache hit)
56 http fetch GET 200 https://registry.npmjs.org/d3 125ms (cache miss)
57 http fetch GET 200 https://registry.npmjs.org/acorn 274ms (cache miss)
58 http fetch GET 200 https://registry.npmjs.org/escodegen 279ms (cache miss)
59 http fetch GET 200 https://registry.npmjs.org/core-js 331ms (cache miss)
60 http fetch GET 200 https://registry.npmjs.org/vue 388ms (cache miss)
61 http fetch GET 200 https://registry.npmjs.org/chartjs-adapter-luxon 894ms (cache miss)
62 timing idealTree:#root Completed in 3303ms
63 silly fetch manifest typescript@*
64 http fetch GET 200 https://registry.npmjs.org/typescript 896ms (cache miss)
65 silly fetch manifest chart.js@>=3.0.0
66 http fetch GET 200 https://registry.npmjs.org/chart.js 104ms (cache miss)
67 silly fetch manifest luxon@>=1.0.0
68 http fetch GET 200 https://registry.npmjs.org/luxon 93ms (cache miss)
69 silly placeDep node_modules/@flowfuse/node-red-dashboard acorn@8.15.0 OK for: @flowfuse/node-red-dashboard@1.26.0 want: ^8.14.1
70 silly placeDep ROOT axios@1.11.0 REPLACE for: @flowfuse/node-red-dashboard@1.26.0 want: ^1.8.4
71 silly placeDep ROOT chartjs-adapter-luxon@1.3.1 OK for: @flowfuse/node-red-dashboard@1.26.0 want: ^1.3.1
72 silly placeDep ROOT chart.js@4.5.0 OK for: chartjs-adapter-luxon@1.3.1 want: >=3.0.0
73 silly placeDep ROOT luxon@3.7.1 OK for: chartjs-adapter-luxon@1.3.1 want: >=1.0.0
74 silly placeDep ROOT core-js@3.45.1 OK for: @flowfuse/node-red-dashboard@1.26.0 want: ^3.41.0
75 silly placeDep ROOT d3@7.9.0 OK for: @flowfuse/node-red-dashboard@1.26.0 want: ^7.9.0
76 silly placeDep ROOT escodegen@2.1.0 OK for: @flowfuse/node-red-dashboard@1.26.0 want: ^2.1.0
77 silly placeDep node_modules/@flowfuse/node-red-dashboard express@4.21.2 OK for: @flowfuse/node-red-dashboard@1.26.0 want: ^4.21.2
78 silly placeDep ROOT vue@3.5.21 OK for: @flowfuse/node-red-dashboard@1.26.0 want: ^3.5.13
79 silly fetch manifest form-data@^4.0.4
80 silly fetch manifest @kurkle/color@^0.3.0
81 silly fetch manifest d3-dsv@3
82 silly fetch manifest d3-geo@3
83 silly fetch manifest d3-axis@3
84 silly fetch manifest d3-drag@3
85 silly fetch manifest d3-ease@3
86 silly fetch manifest d3-path@3
87 silly fetch manifest d3-time@3
88 silly fetch manifest d3-zoom@3
89 silly fetch manifest d3-array@3
90 silly fetch manifest d3-brush@3
91 silly fetch manifest d3-chord@3
92 silly fetch manifest d3-color@3
93 silly fetch manifest d3-fetch@3
94 silly fetch manifest d3-force@3
95 silly fetch manifest d3-scale@4
96 silly fetch manifest d3-shape@3
97 silly fetch manifest d3-timer@3
98 silly fetch manifest d3-format@3
99 silly fetch manifest d3-random@3
100 silly fetch manifest d3-contour@4
101 silly fetch manifest d3-polygon@3
102 silly fetch manifest d3-delaunay@6
103 silly fetch manifest d3-dispatch@3
104 silly fetch manifest d3-quadtree@3
105 silly fetch manifest d3-hierarchy@3
106 silly fetch manifest d3-selection@3
107 silly fetch manifest d3-transition@3
108 silly fetch manifest d3-interpolate@3
109 silly fetch manifest d3-time-format@4
110 silly fetch manifest d3-scale-chromatic@3
111 silly fetch manifest estraverse@^5.2.0
112 silly fetch manifest esutils@^2.0.2
113 silly fetch manifest esprima@^4.0.1
114 silly fetch manifest source-map@~0.6.1
115 silly fetch manifest qs@6.13.0
116 silly fetch manifest send@0.19.0
117 silly fetch manifest cookie@0.7.1
118 silly fetch manifest encodeurl@~2.0.0
119 silly fetch manifest body-parser@1.20.3
120 silly fetch manifest safe-buffer@5.2.1
121 silly fetch manifest finalhandler@1.3.1
122 silly fetch manifest serve-static@1.16.2
123 silly fetch manifest path-to-regexp@0.1.12
124 silly fetch manifest merge-descriptors@1.0.3
125 silly fetch manifest @vue/shared@3.5.21
126 silly fetch manifest @vue/compiler-dom@3.5.21
127 silly fetch manifest @vue/runtime-dom@3.5.21
128 silly fetch manifest @vue/compiler-sfc@3.5.21
129 silly fetch manifest @vue/server-renderer@3.5.21
130 http fetch GET 200 https://registry.npmjs.org/cookie 62ms (cache hit)
131 http fetch GET 200 https://registry.npmjs.org/send 63ms (cache hit)
132 http fetch GET 200 https://registry.npmjs.org/path-to-regexp 64ms (cache hit)
133 http fetch GET 200 https://registry.npmjs.org/form-data 77ms (cache hit)
134 http fetch GET 200 https://registry.npmjs.org/serve-static 67ms (cache hit)
135 http fetch GET 200 https://registry.npmjs.org/safe-buffer 67ms (cache hit)
136 http fetch GET 200 https://registry.npmjs.org/encodeurl 67ms (cache hit)
137 http fetch GET 200 https://registry.npmjs.org/body-parser 68ms (cache hit)
138 http fetch GET 200 https://registry.npmjs.org/d3-drag 114ms (cache miss)
139 http fetch GET 200 https://registry.npmjs.org/d3-time 113ms (cache miss)
140 http fetch GET 200 https://registry.npmjs.org/d3-geo 116ms (cache miss)
141 http fetch GET 200 https://registry.npmjs.org/d3-dsv 120ms (cache miss)
142 http fetch GET 200 https://registry.npmjs.org/d3-axis 120ms (cache miss)
143 http fetch GET 200 https://registry.npmjs.org/@kurkle%2fcolor 123ms (cache miss)
144 http fetch GET 200 https://registry.npmjs.org/d3-chord 188ms (cache miss)
145 http fetch GET 200 https://registry.npmjs.org/d3-scale 217ms (cache miss)
146 http fetch GET 200 https://registry.npmjs.org/d3-random 219ms (cache miss)
147 http fetch GET 200 https://registry.npmjs.org/d3-contour 219ms (cache miss)
148 http fetch GET 200 https://registry.npmjs.org/d3-timer 220ms (cache miss)
149 http fetch GET 200 https://registry.npmjs.org/d3-format 221ms (cache miss)
150 http fetch GET 200 https://registry.npmjs.org/d3-zoom 254ms (cache miss)
151 http fetch GET 200 https://registry.npmjs.org/d3-quadtree 252ms (cache miss)
152 http fetch GET 200 https://registry.npmjs.org/d3-fetch 261ms (cache miss)
153 http fetch GET 200 https://registry.npmjs.org/d3-force 263ms (cache miss)
154 http fetch GET 200 https://registry.npmjs.org/d3-brush 269ms (cache miss)
155 http fetch GET 200 https://registry.npmjs.org/d3-path 273ms (cache miss)
156 http fetch GET 200 https://registry.npmjs.org/d3-ease 274ms (cache miss)
157 http fetch GET 200 https://registry.npmjs.org/d3-array 274ms (cache miss)
158 http fetch GET 200 https://registry.npmjs.org/d3-shape 274ms (cache miss)
159 http fetch GET 200 https://registry.npmjs.org/d3-hierarchy 286ms (cache miss)
160 http fetch GET 200 https://registry.npmjs.org/d3-polygon 292ms (cache miss)
161 http fetch GET 200 https://registry.npmjs.org/d3-delaunay 291ms (cache miss)
162 http fetch GET 200 https://registry.npmjs.org/d3-transition 291ms (cache miss)
163 http fetch GET 200 https://registry.npmjs.org/d3-selection 293ms (cache miss)
164 http fetch GET 200 https://registry.npmjs.org/d3-interpolate 330ms (cache miss)
165 http fetch GET 200 https://registry.npmjs.org/d3-scale-chromatic 341ms (cache miss)
166 http fetch GET 200 https://registry.npmjs.org/esutils 341ms (cache miss)
167 http fetch GET 200 https://registry.npmjs.org/d3-dispatch 346ms (cache miss)
168 http fetch GET 200 https://registry.npmjs.org/estraverse 345ms (cache miss)
169 http fetch GET 200 https://registry.npmjs.org/esprima 349ms (cache miss)
170 http fetch GET 200 https://registry.npmjs.org/source-map 349ms (cache miss)
171 http fetch GET 200 https://registry.npmjs.org/finalhandler 358ms (cache miss)
172 http fetch GET 200 https://registry.npmjs.org/merge-descriptors 358ms (cache miss)
173 http fetch GET 200 https://registry.npmjs.org/d3-time-format 364ms (cache miss)
174 http fetch GET 200 https://registry.npmjs.org/qs 365ms (cache miss)
175 http fetch GET 200 https://registry.npmjs.org/@vue%2fshared 390ms (cache miss)
176 http fetch GET 200 https://registry.npmjs.org/@vue%2fruntime-dom 415ms (cache miss)
177 http fetch GET 200 https://registry.npmjs.org/@vue%2fcompiler-dom 429ms (cache miss)
178 http fetch GET 200 https://registry.npmjs.org/@vue%2fserver-renderer 461ms (cache miss)
179 http fetch GET 200 https://registry.npmjs.org/@vue%2fcompiler-sfc 477ms (cache miss)
180 http fetch GET 200 https://registry.npmjs.org/d3-color 865ms (cache miss)
181 timing idealTree:node_modules/@flowfuse/node-red-dashboard Completed in 2081ms
182 silly placeDep node_modules/axios form-data@4.0.4 OK for: axios@1.11.0 want: ^4.0.4
183 silly fetch manifest es-set-tostringtag@^2.1.0
184 http fetch GET 200 https://registry.npmjs.org/es-set-tostringtag 92ms (cache miss)
185 timing idealTree:node_modules/axios Completed in 97ms
186 silly placeDep ROOT @kurkle/color@0.3.4 OK for: chart.js@4.5.0 want: ^0.3.0
187 timing idealTree:node_modules/chart.js Completed in 1ms
188 timing idealTree:node_modules/@kurkle/color Completed in 0ms
189 timing idealTree:node_modules/chartjs-adapter-luxon Completed in 0ms
190 timing idealTree:node_modules/core-js Completed in 0ms
191 silly placeDep ROOT d3-array@3.2.4 OK for: d3@7.9.0 want: 3
192 silly placeDep ROOT d3-axis@3.0.0 OK for: d3@7.9.0 want: 3
193 silly placeDep ROOT d3-brush@3.0.0 OK for: d3@7.9.0 want: 3
194 silly placeDep ROOT d3-chord@3.0.1 OK for: d3@7.9.0 want: 3
195 silly placeDep ROOT d3-color@3.1.0 OK for: d3@7.9.0 want: 3
196 silly placeDep ROOT d3-contour@4.0.2 OK for: d3@7.9.0 want: 4
197 silly placeDep ROOT d3-delaunay@6.0.4 OK for: d3@7.9.0 want: 6
198 silly placeDep ROOT d3-dispatch@3.0.1 OK for: d3@7.9.0 want: 3
199 silly placeDep ROOT d3-drag@3.0.0 OK for: d3@7.9.0 want: 3
200 silly placeDep ROOT d3-dsv@3.0.1 OK for: d3@7.9.0 want: 3
201 silly placeDep ROOT d3-ease@3.0.1 OK for: d3@7.9.0 want: 3
202 silly placeDep ROOT d3-fetch@3.0.1 OK for: d3@7.9.0 want: 3
203 silly placeDep ROOT d3-force@3.0.0 OK for: d3@7.9.0 want: 3
204 silly placeDep ROOT d3-format@3.1.0 OK for: d3@7.9.0 want: 3
205 silly placeDep ROOT d3-geo@3.1.1 OK for: d3@7.9.0 want: 3
206 silly placeDep ROOT d3-hierarchy@3.1.2 OK for: d3@7.9.0 want: 3
207 silly placeDep ROOT d3-interpolate@3.0.1 OK for: d3@7.9.0 want: 3
208 silly placeDep ROOT d3-path@3.1.0 OK for: d3@7.9.0 want: 3
209 silly placeDep ROOT d3-polygon@3.0.1 OK for: d3@7.9.0 want: 3
210 silly placeDep ROOT d3-quadtree@3.0.1 OK for: d3@7.9.0 want: 3
211 silly placeDep ROOT d3-random@3.0.1 OK for: d3@7.9.0 want: 3
212 silly placeDep ROOT d3-scale@4.0.2 OK for: d3@7.9.0 want: 4
213 silly placeDep ROOT d3-scale-chromatic@3.1.0 OK for: d3@7.9.0 want: 3
214 silly placeDep ROOT d3-selection@3.0.0 OK for: d3@7.9.0 want: 3
215 silly placeDep ROOT d3-shape@3.2.0 OK for: d3@7.9.0 want: 3
216 silly placeDep ROOT d3-time@3.1.0 OK for: d3@7.9.0 want: 3
217 silly placeDep ROOT d3-time-format@4.1.0 OK for: d3@7.9.0 want: 4
218 silly placeDep ROOT d3-timer@3.0.1 OK for: d3@7.9.0 want: 3
219 silly placeDep ROOT d3-transition@3.0.1 OK for: d3@7.9.0 want: 3
220 silly placeDep ROOT d3-zoom@3.0.0 OK for: d3@7.9.0 want: 3
221 silly fetch manifest internmap@1 - 2
222 silly fetch manifest delaunator@5
223 silly fetch manifest commander@7
224 silly fetch manifest rw@1
225 http fetch GET 200 https://registry.npmjs.org/delaunator 84ms (cache miss)
226 http fetch GET 200 https://registry.npmjs.org/internmap 86ms (cache miss)
227 http fetch GET 200 https://registry.npmjs.org/rw 96ms (cache miss)
228 http fetch GET 200 https://registry.npmjs.org/commander 99ms (cache miss)
229 timing idealTree:node_modules/d3 Completed in 122ms
230 silly placeDep ROOT internmap@2.0.3 OK for: d3-array@3.2.4 want: 1 - 2
231 timing idealTree:node_modules/d3-array Completed in 1ms
232 timing idealTree:node_modules/d3-axis Completed in 0ms
233 timing idealTree:node_modules/d3-brush Completed in 0ms
234 timing idealTree:node_modules/d3-chord Completed in 0ms
235 timing idealTree:node_modules/d3-color Completed in 0ms
236 timing idealTree:node_modules/d3-contour Completed in 0ms
237 silly placeDep ROOT delaunator@5.0.1 OK for: d3-delaunay@6.0.4 want: 5
238 silly fetch manifest robust-predicates@^3.0.2
239 http fetch GET 200 https://registry.npmjs.org/robust-predicates 66ms (cache miss)
240 timing idealTree:node_modules/d3-delaunay Completed in 68ms
241 timing idealTree:node_modules/d3-dispatch Completed in 0ms
242 timing idealTree:node_modules/d3-drag Completed in 0ms
243 silly placeDep ROOT commander@7.2.0 OK for: d3-dsv@3.0.1 want: 7
244 silly placeDep ROOT rw@1.3.3 OK for: d3-dsv@3.0.1 want: 1
245 timing idealTree:node_modules/d3-dsv Completed in 2ms
246 timing idealTree:node_modules/commander Completed in 0ms
247 timing idealTree:node_modules/d3-ease Completed in 0ms
248 timing idealTree:node_modules/d3-fetch Completed in 0ms
249 timing idealTree:node_modules/d3-force Completed in 0ms
250 timing idealTree:node_modules/d3-format Completed in 0ms
251 timing idealTree:node_modules/d3-geo Completed in 0ms
252 timing idealTree:node_modules/d3-hierarchy Completed in 0ms
253 timing idealTree:node_modules/d3-interpolate Completed in 0ms
254 timing idealTree:node_modules/d3-path Completed in 0ms
255 timing idealTree:node_modules/d3-polygon Completed in 0ms
256 timing idealTree:node_modules/d3-quadtree Completed in 0ms
257 timing idealTree:node_modules/d3-random Completed in 0ms
258 timing idealTree:node_modules/d3-scale Completed in 0ms
259 timing idealTree:node_modules/d3-scale-chromatic Completed in 0ms
260 timing idealTree:node_modules/d3-selection Completed in 0ms
261 timing idealTree:node_modules/d3-shape Completed in 0ms
262 timing idealTree:node_modules/d3-time Completed in 0ms
263 timing idealTree:node_modules/d3-time-format Completed in 0ms
264 timing idealTree:node_modules/d3-timer Completed in 0ms
265 timing idealTree:node_modules/d3-transition Completed in 0ms
266 timing idealTree:node_modules/d3-zoom Completed in 1ms
267 silly placeDep ROOT robust-predicates@3.0.2 OK for: delaunator@5.0.1 want: ^3.0.2
268 timing idealTree:node_modules/delaunator Completed in 0ms
269 silly placeDep ROOT esprima@4.0.1 OK for: escodegen@2.1.0 want: ^4.0.1
270 silly placeDep ROOT estraverse@5.3.0 OK for: escodegen@2.1.0 want: ^5.2.0
271 silly placeDep ROOT esutils@2.0.3 OK for: escodegen@2.1.0 want: ^2.0.2
272 silly placeDep ROOT source-map@0.6.1 OK for: escodegen@2.1.0 want: ~0.6.1
273 timing idealTree:node_modules/escodegen Completed in 2ms
274 timing idealTree:node_modules/esprima Completed in 0ms
275 timing idealTree:node_modules/estraverse Completed in 0ms
276 timing idealTree:node_modules/esutils Completed in 0ms
277 timing idealTree:node_modules/internmap Completed in 0ms
278 timing idealTree:node_modules/luxon Completed in 0ms
279 timing idealTree:node_modules/node-red-contrib-ui-qrcode-scanner Completed in 0ms
280 timing idealTree:node_modules/robust-predicates Completed in 0ms
281 timing idealTree:node_modules/rw Completed in 0ms
282 timing idealTree:node_modules/source-map Completed in 0ms
283 silly fetch manifest vue@3.5.21
284 silly placeDep ROOT @vue/compiler-dom@3.5.21 OK for: vue@3.5.21 want: 3.5.21
285 silly placeDep ROOT @vue/compiler-sfc@3.5.21 OK for: vue@3.5.21 want: 3.5.21
286 silly placeDep ROOT @vue/runtime-dom@3.5.21 OK for: vue@3.5.21 want: 3.5.21
287 silly placeDep ROOT @vue/server-renderer@3.5.21 OK for: vue@3.5.21 want: 3.5.21
288 silly placeDep ROOT @vue/shared@3.5.21 OK for: vue@3.5.21 want: 3.5.21
289 silly fetch manifest @vue/compiler-core@3.5.21
290 silly fetch manifest @babel/parser@^7.28.3
291 silly fetch manifest estree-walker@^2.0.2
292 silly fetch manifest magic-string@^0.30.18
293 silly fetch manifest postcss@^8.5.6
294 silly fetch manifest source-map-js@^1.2.1
295 silly fetch manifest @vue/compiler-ssr@3.5.21
296 silly fetch manifest csstype@^3.1.3
297 silly fetch manifest @vue/reactivity@3.5.21
298 silly fetch manifest @vue/runtime-core@3.5.21
299 http fetch GET 200 https://registry.npmjs.org/postcss 125ms (cache miss)
300 http fetch GET 200 https://registry.npmjs.org/estree-walker 133ms (cache miss)
301 http fetch GET 200 https://registry.npmjs.org/source-map-js 135ms (cache miss)
302 http fetch GET 200 https://registry.npmjs.org/@vue%2fcompiler-core 161ms (cache miss)
303 http fetch GET 200 https://registry.npmjs.org/@vue%2fruntime-core 168ms (cache miss)
304 http fetch GET 200 https://registry.npmjs.org/@vue%2freactivity 210ms (cache miss)
305 http fetch GET 200 https://registry.npmjs.org/@vue%2fcompiler-ssr 212ms (cache miss)
306 http fetch GET 200 https://registry.npmjs.org/csstype 215ms (cache miss)
307 http fetch GET 200 https://registry.npmjs.org/magic-string 666ms (cache miss)
308 http fetch GET 200 https://registry.npmjs.org/@babel%2fparser 707ms (cache miss)
309 timing idealTree:node_modules/vue Completed in 711ms
310 silly placeDep ROOT @vue/compiler-core@3.5.21 OK for: @vue/compiler-dom@3.5.21 want: 3.5.21
311 silly fetch manifest entities@^4.5.0
312 http fetch GET 200 https://registry.npmjs.org/entities 65ms (cache miss)
313 timing idealTree:node_modules/@vue/compiler-dom Completed in 68ms
314 silly placeDep ROOT @babel/parser@7.28.3 OK for: @vue/compiler-core@3.5.21 want: ^7.28.3
315 silly placeDep node_modules/@vue/compiler-core entities@4.5.0 OK for: @vue/compiler-core@3.5.21 want: ^4.5.0
316 silly placeDep ROOT estree-walker@2.0.2 OK for: @vue/compiler-core@3.5.21 want: ^2.0.2
317 silly placeDep ROOT source-map-js@1.2.1 OK for: @vue/compiler-core@3.5.21 want: ^1.2.1
318 silly fetch manifest @babel/types@^7.28.2
319 http fetch GET 200 https://registry.npmjs.org/@babel%2ftypes 103ms (cache miss)
320 timing idealTree:node_modules/@vue/compiler-core Completed in 107ms
321 silly placeDep ROOT @babel/types@7.28.2 OK for: @babel/parser@7.28.3 want: ^7.28.2
322 silly fetch manifest @babel/helper-string-parser@^7.27.1
323 silly fetch manifest @babel/helper-validator-identifier@^7.27.1
324 http fetch GET 200 https://registry.npmjs.org/@babel%2fhelper-string-parser 89ms (cache miss)
325 http fetch GET 200 https://registry.npmjs.org/@babel%2fhelper-validator-identifier 109ms (cache miss)
326 timing idealTree:node_modules/@babel/parser Completed in 112ms
327 silly placeDep ROOT @babel/helper-string-parser@7.27.1 OK for: @babel/types@7.28.2 want: ^7.27.1
328 silly placeDep ROOT @babel/helper-validator-identifier@7.27.1 OK for: @babel/types@7.28.2 want: ^7.27.1
329 timing idealTree:node_modules/@babel/types Completed in 2ms
330 timing idealTree:node_modules/@babel/helper-string-parser Completed in 0ms
331 timing idealTree:node_modules/@babel/helper-validator-identifier Completed in 0ms
332 silly placeDep ROOT @vue/compiler-ssr@3.5.21 OK for: @vue/compiler-sfc@3.5.21 want: 3.5.21
333 silly placeDep ROOT magic-string@0.30.18 OK for: @vue/compiler-sfc@3.5.21 want: ^0.30.18
334 silly placeDep ROOT postcss@8.5.6 OK for: @vue/compiler-sfc@3.5.21 want: ^8.5.6
335 silly fetch manifest @jridgewell/sourcemap-codec@^1.5.5
336 silly fetch manifest nanoid@^3.3.11
337 silly fetch manifest picocolors@^1.1.1
338 http fetch GET 200 https://registry.npmjs.org/@jridgewell%2fsourcemap-codec 105ms (cache miss)
339 http fetch GET 200 https://registry.npmjs.org/nanoid 115ms (cache miss)
340 http fetch GET 200 https://registry.npmjs.org/picocolors 117ms (cache miss)
341 timing idealTree:node_modules/@vue/compiler-sfc Completed in 122ms
342 timing idealTree:node_modules/@vue/compiler-ssr Completed in 0ms
343 silly placeDep ROOT @vue/reactivity@3.5.21 OK for: @vue/runtime-dom@3.5.21 want: 3.5.21
344 silly placeDep ROOT @vue/runtime-core@3.5.21 OK for: @vue/runtime-dom@3.5.21 want: 3.5.21
345 silly placeDep ROOT csstype@3.1.3 OK for: @vue/runtime-dom@3.5.21 want: ^3.1.3
346 timing idealTree:node_modules/@vue/runtime-dom Completed in 3ms
347 timing idealTree:node_modules/@vue/reactivity Completed in 0ms
348 timing idealTree:node_modules/@vue/runtime-core Completed in 0ms
349 timing idealTree:node_modules/@vue/server-renderer Completed in 0ms
350 timing idealTree:node_modules/@vue/shared Completed in 0ms
351 timing idealTree:node_modules/csstype Completed in 0ms
352 timing idealTree:node_modules/estree-walker Completed in 0ms
353 silly placeDep ROOT @jridgewell/sourcemap-codec@1.5.5 OK for: magic-string@0.30.18 want: ^1.5.5
354 timing idealTree:node_modules/magic-string Completed in 1ms
355 timing idealTree:node_modules/@jridgewell/sourcemap-codec Completed in 0ms
356 silly placeDep ROOT nanoid@3.3.11 OK for: postcss@8.5.6 want: ^3.3.11
357 silly placeDep ROOT picocolors@1.1.1 OK for: postcss@8.5.6 want: ^1.1.1
358 timing idealTree:node_modules/postcss Completed in 2ms
359 timing idealTree:node_modules/nanoid Completed in 0ms
360 timing idealTree:node_modules/picocolors Completed in 0ms
361 timing idealTree:node_modules/source-map-js Completed in 0ms
362 timing idealTree:node_modules/@flowfuse/node-red-dashboard/node_modules/acorn Completed in 0ms
363 silly placeDep node_modules/@flowfuse/node-red-dashboard body-parser@1.20.3 OK for: express@4.21.2 want: 1.20.3
364 silly placeDep node_modules/@flowfuse/node-red-dashboard cookie@0.7.1 OK for: express@4.21.2 want: 0.7.1
365 silly placeDep node_modules/@flowfuse/node-red-dashboard encodeurl@2.0.0 OK for: express@4.21.2 want: ~2.0.0
366 silly placeDep node_modules/@flowfuse/node-red-dashboard finalhandler@1.3.1 OK for: express@4.21.2 want: 1.3.1
367 silly placeDep node_modules/@flowfuse/node-red-dashboard merge-descriptors@1.0.3 OK for: express@4.21.2 want: 1.0.3
368 silly placeDep node_modules/@flowfuse/node-red-dashboard path-to-regexp@0.1.12 OK for: express@4.21.2 want: 0.1.12
369 silly placeDep node_modules/@flowfuse/node-red-dashboard qs@6.13.0 OK for: express@4.21.2 want: 6.13.0
370 silly placeDep node_modules/@flowfuse/node-red-dashboard safe-buffer@5.2.1 OK for: express@4.21.2 want: 5.2.1
371 silly placeDep node_modules/@flowfuse/node-red-dashboard send@0.19.0 OK for: express@4.21.2 want: 0.19.0
372 silly placeDep node_modules/@flowfuse/node-red-dashboard serve-static@1.16.2 OK for: express@4.21.2 want: 1.16.2
373 silly fetch manifest iconv-lite@0.4.24
374 silly fetch manifest ms@2.1.3
375 silly fetch manifest mime@1.6.0
376 silly fetch manifest encodeurl@~1.0.2
377 http fetch GET 200 https://registry.npmjs.org/mime 7ms (cache hit)
378 http fetch GET 200 https://registry.npmjs.org/ms 8ms (cache hit)
379 http fetch GET 200 https://registry.npmjs.org/iconv-lite 81ms (cache miss)
380 timing idealTree:node_modules/@flowfuse/node-red-dashboard/node_modules/express Completed in 91ms
381 silly placeDep node_modules/@flowfuse/node-red-dashboard iconv-lite@0.4.24 OK for: body-parser@1.20.3 want: 0.4.24
382 timing idealTree:node_modules/@flowfuse/node-red-dashboard/node_modules/body-parser Completed in 1ms
383 timing idealTree:node_modules/@flowfuse/node-red-dashboard/node_modules/cookie Completed in 0ms
384 timing idealTree:node_modules/@flowfuse/node-red-dashboard/node_modules/encodeurl Completed in 0ms
385 timing idealTree:node_modules/@flowfuse/node-red-dashboard/node_modules/finalhandler Completed in 0ms
386 timing idealTree:node_modules/@flowfuse/node-red-dashboard/node_modules/iconv-lite Completed in 0ms
387 timing idealTree:node_modules/@flowfuse/node-red-dashboard/node_modules/merge-descriptors Completed in 0ms
388 timing idealTree:node_modules/@flowfuse/node-red-dashboard/node_modules/path-to-regexp Completed in 0ms
389 timing idealTree:node_modules/@flowfuse/node-red-dashboard/node_modules/qs Completed in 0ms
390 timing idealTree:node_modules/@flowfuse/node-red-dashboard/node_modules/safe-buffer Completed in 0ms
391 silly placeDep node_modules/@flowfuse/node-red-dashboard/node_modules/send encodeurl@1.0.2 OK for: send@0.19.0 want: ~1.0.2
392 silly placeDep node_modules/@flowfuse/node-red-dashboard mime@1.6.0 OK for: send@0.19.0 want: 1.6.0
393 silly placeDep node_modules/@flowfuse/node-red-dashboard ms@2.1.3 OK for: send@0.19.0 want: 2.1.3
394 timing idealTree:node_modules/@flowfuse/node-red-dashboard/node_modules/send Completed in 2ms
395 timing idealTree:node_modules/@flowfuse/node-red-dashboard/node_modules/mime Completed in 0ms
396 timing idealTree:node_modules/@flowfuse/node-red-dashboard/node_modules/ms Completed in 0ms
397 timing idealTree:node_modules/@flowfuse/node-red-dashboard/node_modules/serve-static Completed in 0ms
398 timing idealTree:node_modules/@vue/compiler-core/node_modules/entities Completed in 0ms
399 silly placeDep ROOT es-set-tostringtag@2.1.0 OK for: form-data@4.0.4 want: ^2.1.0
400 silly fetch manifest get-intrinsic@^1.2.6
401 silly fetch manifest has-tostringtag@^1.0.2
402 http fetch GET 200 https://registry.npmjs.org/has-tostringtag 95ms (cache miss)
403 http fetch GET 200 https://registry.npmjs.org/get-intrinsic 97ms (cache miss)
404 timing idealTree:node_modules/axios/node_modules/form-data Completed in 101ms
405 silly placeDep ROOT get-intrinsic@1.3.0 REPLACE for: es-set-tostringtag@2.1.0 want: ^1.2.6
406 silly placeDep ROOT has-tostringtag@1.0.2 OK for: es-set-tostringtag@2.1.0 want: ^1.0.2
407 silly fetch manifest call-bind-apply-helpers@^1.0.2
408 silly fetch manifest es-define-property@^1.0.1
409 silly fetch manifest es-object-atoms@^1.1.1
410 silly fetch manifest get-proto@^1.0.1
411 silly fetch manifest gopd@^1.2.0
412 silly fetch manifest has-symbols@^1.1.0
413 silly fetch manifest math-intrinsics@^1.1.0
414 silly fetch manifest has-symbols@^1.0.3
415 http fetch GET 200 https://registry.npmjs.org/get-proto 193ms (cache miss)
416 http fetch GET 200 https://registry.npmjs.org/call-bind-apply-helpers 196ms (cache miss)
417 http fetch GET 200 https://registry.npmjs.org/has-symbols 191ms (cache miss)
418 http fetch GET 200 https://registry.npmjs.org/has-symbols 193ms (cache miss)
419 http fetch GET 200 https://registry.npmjs.org/es-define-property 197ms (cache miss)
420 http fetch GET 200 https://registry.npmjs.org/math-intrinsics 193ms (cache miss)
421 http fetch GET 200 https://registry.npmjs.org/gopd 195ms (cache miss)
422 http fetch GET 200 https://registry.npmjs.org/es-object-atoms 197ms (cache miss)
423 timing idealTree:node_modules/es-set-tostringtag Completed in 204ms
424 silly placeDep ROOT call-bind-apply-helpers@1.0.2 OK for: get-intrinsic@1.3.0 want: ^1.0.2
425 silly placeDep ROOT es-define-property@1.0.1 REPLACE for: get-intrinsic@1.3.0 want: ^1.0.1
426 silly placeDep ROOT es-object-atoms@1.1.1 OK for: get-intrinsic@1.3.0 want: ^1.1.1
427 silly placeDep ROOT get-proto@1.0.1 OK for: get-intrinsic@1.3.0 want: ^1.0.1
428 silly placeDep ROOT gopd@1.2.0 REPLACE for: get-intrinsic@1.3.0 want: ^1.2.0
429 silly placeDep ROOT has-symbols@1.1.0 OK for: get-intrinsic@1.3.0 want: ^1.1.0
430 silly placeDep ROOT math-intrinsics@1.1.0 OK for: get-intrinsic@1.3.0 want: ^1.1.0
431 silly fetch manifest dunder-proto@^1.0.1
432 http fetch GET 200 https://registry.npmjs.org/dunder-proto 99ms (cache miss)
433 timing idealTree:node_modules/get-intrinsic Completed in 107ms
434 timing idealTree:node_modules/call-bind-apply-helpers Completed in 0ms
435 timing idealTree:node_modules/es-define-property Completed in 0ms
436 timing idealTree:node_modules/es-object-atoms Completed in 0ms
437 silly placeDep ROOT dunder-proto@1.0.1 OK for: get-proto@1.0.1 want: ^1.0.1
438 timing idealTree:node_modules/get-proto Completed in 1ms
439 timing idealTree:node_modules/dunder-proto Completed in 0ms
440 timing idealTree:node_modules/gopd Completed in 0ms
441 timing idealTree:node_modules/has-symbols Completed in 0ms
442 timing idealTree:node_modules/has-tostringtag Completed in 0ms
443 timing idealTree:node_modules/math-intrinsics Completed in 0ms
444 timing idealTree:node_modules/@flowfuse/node-red-dashboard/node_modules/send/node_modules/encodeurl Completed in 0ms
445 timing idealTree:buildDeps Completed in 7321ms
446 timing idealTree:fixDepFlags Completed in 8ms
447 timing idealTree Completed in 7432ms
448 timing command:install Completed in 7437ms
449 verbose stack HttpErrorGeneral: 404 Not Found - GET https://registry.npmjs.org/node-red-contrib-ui-qrcode-scanner - Not found
449 verbose stack     at /usr/local/lib/node_modules/npm/node_modules/npm-registry-fetch/lib/check-response.js:95:15
449 verbose stack     at processTicksAndRejections (node:internal/process/task_queues:96:5)
449 verbose stack     at async RegistryFetcher.packument (/usr/local/lib/node_modules/npm/node_modules/pacote/lib/registry.js:92:19)
449 verbose stack     at async RegistryFetcher.manifest (/usr/local/lib/node_modules/npm/node_modules/pacote/lib/registry.js:124:23)
449 verbose stack     at async Arborist.[nodeFromEdge] (/usr/local/lib/node_modules/npm/node_modules/@npmcli/arborist/lib/arborist/build-ideal-tree.js:1061:19)
449 verbose stack     at async Arborist.[buildDepStep] (/usr/local/lib/node_modules/npm/node_modules/@npmcli/arborist/lib/arborist/build-ideal-tree.js:930:11)
449 verbose stack     at async Arborist.buildIdealTree (/usr/local/lib/node_modules/npm/node_modules/@npmcli/arborist/lib/arborist/build-ideal-tree.js:211:7)
449 verbose stack     at async Promise.all (index 1)
449 verbose stack     at async Arborist.reify (/usr/local/lib/node_modules/npm/node_modules/@npmcli/arborist/lib/arborist/reify.js:154:5)
449 verbose stack     at async Install.exec (/usr/local/lib/node_modules/npm/lib/commands/install.js:145:5)
450 verbose statusCode 404
451 verbose pkgid node-red-contrib-ui-qrcode-scanner@*
452 verbose cwd /usr/src/node-red
453 verbose Linux 6.10.14-linuxkit
454 verbose node v16.20.2
455 verbose npm  v8.19.4
456 error code E404
457 error 404 Not Found - GET https://registry.npmjs.org/node-red-contrib-ui-qrcode-scanner - Not found
458 error 404
459 error 404  'node-red-contrib-ui-qrcode-scanner@*' is not in this registry.
460 error 404
460 error 404 Note that you can also install from a
461 error 404 tarball, folder, http url, or git url.
462 verbose exit 1
463 timing npm Completed in 7513ms
464 verbose unfinished npm timer reify 1756949837655
465 verbose unfinished npm timer reify:loadTrees 1756949837656
466 verbose code 1
467 error A complete log of this run can be found in:
467 error     /data/.npm/_logs/2025-09-04T01_37_17_583Z-debug-0.log
