0 verbose cli /usr/local/bin/node /usr/local/bin/npm
1 info using npm@8.19.4
2 info using node@v16.20.2
3 timing npm:load:whichnode Completed in 0ms
4 timing config:load:defaults Completed in 0ms
5 timing config:load:file:/usr/local/lib/node_modules/npm/npmrc Completed in 1ms
6 timing config:load:builtin Completed in 1ms
7 timing config:load:cli Completed in 1ms
8 timing config:load:env Completed in 0ms
9 timing config:load:project Completed in 1ms
10 timing config:load:file:/usr/src/node-red/.npmrc Completed in 0ms
11 timing config:load:user Completed in 0ms
12 timing config:load:file:/usr/local/etc/npmrc Completed in 3ms
13 timing config:load:global Completed in 3ms
14 timing config:load:validate Completed in 0ms
15 timing config:load:credentials Completed in 0ms
16 timing config:load:setEnvs Completed in 1ms
17 timing config:load Completed in 8ms
18 timing npm:load:configload Completed in 8ms
19 timing npm:load:mkdirpcache Completed in 0ms
20 timing npm:load:mkdirplogs Completed in 1ms
21 verbose title npm install node-red-contrib-https
22 verbose argv "install" "node-red-contrib-https"
23 timing npm:load:setTitle Completed in 0ms
24 timing config:load:flatten Completed in 1ms
25 timing npm:load:display Completed in 2ms
26 verbose logfile logs-max:10 dir:/data/.npm/_logs
27 verbose logfile /data/.npm/_logs/2025-09-04T02_00_02_630Z-debug-0.log
28 timing npm:load:logFile Completed in 4ms
29 timing npm:load:timers Completed in 0ms
30 timing npm:load:configScope Completed in 0ms
31 timing npm:load Completed in 16ms
32 timing arborist:ctor Completed in 0ms
33 silly logfile start cleaning logs, removing 4 files
34 timing idealTree:init Completed in 151ms
35 timing idealTree:userRequests Completed in 1ms
36 silly idealTree buildDeps
37 silly fetch manifest node-red-contrib-https@*
38 silly logfile done cleaning log files
39 timing arborist:ctor Completed in 0ms
40 http fetch GET 200 https://registry.npmjs.org/node-red-contrib-https 922ms (cache miss)
41 silly placeDep ROOT node-red-contrib-https@2.0.0 OK for: node-red-docker@3.1.9 want: *
42 silly fetch manifest got@^11.0.0
43 silly fetch manifest hpagent@^0.1.2
44 silly fetch manifest uuid@^8.0.0
45 silly fetch manifest cookie@^0.4.1
46 http fetch GET 200 https://registry.npmjs.org/got 108ms (cache miss)
47 http fetch GET 200 https://registry.npmjs.org/cookie 173ms (cache revalidated)
48 http fetch GET 200 https://registry.npmjs.org/hpagent 177ms (cache miss)
49 http fetch GET 200 https://registry.npmjs.org/uuid 181ms (cache miss)
50 timing idealTree:#root Completed in 1114ms
51 silly placeDep node_modules/node-red-contrib-https cookie@0.4.2 OK for: node-red-contrib-https@2.0.0 want: ^0.4.1
52 silly placeDep node_modules/node-red-contrib-https got@11.8.6 OK for: node-red-contrib-https@2.0.0 want: ^11.0.0
53 silly placeDep node_modules/node-red-contrib-https hpagent@0.1.2 OK for: node-red-contrib-https@2.0.0 want: ^0.1.2
54 silly placeDep node_modules/node-red-contrib-https uuid@8.3.2 OK for: node-red-contrib-https@2.0.0 want: ^8.0.0
55 silly fetch manifest p-cancelable@^2.0.0
56 silly fetch manifest responselike@^2.0.0
57 silly fetch manifest http2-wrapper@^1.0.0-beta.5.2
58 silly fetch manifest lowercase-keys@^2.0.0
59 silly fetch manifest @sindresorhus/is@^4.0.0
60 silly fetch manifest cacheable-lookup@^5.0.3
61 silly fetch manifest cacheable-request@^7.0.2
62 silly fetch manifest @types/responselike@^1.0.0
63 silly fetch manifest @szmarczak/http-timer@^4.0.5
64 silly fetch manifest @types/cacheable-request@^6.0.1
65 http fetch GET 200 https://registry.npmjs.org/lowercase-keys 102ms (cache miss)
66 http fetch GET 200 https://registry.npmjs.org/responselike 112ms (cache miss)
67 http fetch GET 200 https://registry.npmjs.org/p-cancelable 113ms (cache miss)
68 http fetch GET 200 https://registry.npmjs.org/http2-wrapper 113ms (cache miss)
69 http fetch GET 200 https://registry.npmjs.org/cacheable-lookup 153ms (cache miss)
70 http fetch GET 200 https://registry.npmjs.org/cacheable-request 162ms (cache miss)
71 http fetch GET 200 https://registry.npmjs.org/@types%2fcacheable-request 173ms (cache miss)
72 http fetch GET 200 https://registry.npmjs.org/@types%2fresponselike 177ms (cache miss)
73 http fetch GET 200 https://registry.npmjs.org/@sindresorhus%2fis 201ms (cache miss)
74 http fetch GET 200 https://registry.npmjs.org/@szmarczak%2fhttp-timer 203ms (cache miss)
75 timing idealTree:node_modules/node-red-contrib-https Completed in 209ms
76 timing idealTree:node_modules/node-red-contrib-https/node_modules/cookie Completed in 0ms
77 silly placeDep node_modules/node-red-contrib-https @sindresorhus/is@4.6.0 OK for: got@11.8.6 want: ^4.0.0
78 silly placeDep node_modules/node-red-contrib-https @szmarczak/http-timer@4.0.6 OK for: got@11.8.6 want: ^4.0.5
79 silly placeDep ROOT @types/cacheable-request@6.0.3 OK for: got@11.8.6 want: ^6.0.1
80 silly placeDep ROOT @types/responselike@1.0.3 OK for: got@11.8.6 want: ^1.0.0
81 silly placeDep node_modules/node-red-contrib-https cacheable-lookup@5.0.4 OK for: got@11.8.6 want: ^5.0.3
82 silly placeDep node_modules/node-red-contrib-https cacheable-request@7.0.4 OK for: got@11.8.6 want: ^7.0.2
83 silly placeDep node_modules/node-red-contrib-https http2-wrapper@1.0.3 OK for: got@11.8.6 want: ^1.0.0-beta.5.2
84 silly placeDep node_modules/node-red-contrib-https lowercase-keys@2.0.0 OK for: got@11.8.6 want: ^2.0.0
85 silly placeDep node_modules/node-red-contrib-https p-cancelable@2.1.1 OK for: got@11.8.6 want: ^2.0.0
86 silly placeDep node_modules/node-red-contrib-https responselike@2.0.1 OK for: got@11.8.6 want: ^2.0.0
87 silly fetch manifest @types/keyv@^3.1.4
88 silly fetch manifest get-stream@^5.1.0
89 silly fetch manifest normalize-url@^6.0.1
90 silly fetch manifest clone-response@^1.0.2
91 http fetch GET 200 https://registry.npmjs.org/clone-response 63ms (cache miss)
92 http fetch GET 200 https://registry.npmjs.org/normalize-url 67ms (cache miss)
93 http fetch GET 200 https://registry.npmjs.org/get-stream 69ms (cache miss)
94 http fetch GET 200 https://registry.npmjs.org/@types%2fkeyv 75ms (cache miss)
95 timing idealTree:node_modules/node-red-contrib-https/node_modules/got Completed in 81ms
96 silly placeDep ROOT @types/keyv@3.1.4 OK for: @types/cacheable-request@6.0.3 want: ^3.1.4
97 timing idealTree:node_modules/@types/cacheable-request Completed in 1ms
98 timing idealTree:node_modules/@types/keyv Completed in 0ms
99 timing idealTree:node_modules/@types/responselike Completed in 0ms
100 timing idealTree:node_modules/node-red-contrib-https/node_modules/@sindresorhus/is Completed in 0ms
101 timing idealTree:node_modules/node-red-contrib-https/node_modules/@szmarczak/http-timer Completed in 0ms
102 timing idealTree:node_modules/node-red-contrib-https/node_modules/cacheable-lookup Completed in 0ms
103 silly placeDep ROOT clone-response@1.0.3 OK for: cacheable-request@7.0.4 want: ^1.0.2
104 silly placeDep node_modules/node-red-contrib-https get-stream@5.2.0 OK for: cacheable-request@7.0.4 want: ^5.1.0
105 silly placeDep node_modules/node-red-contrib-https normalize-url@6.1.0 OK for: cacheable-request@7.0.4 want: ^6.0.1
106 silly fetch manifest mimic-response@^1.0.0
107 http fetch GET 200 https://registry.npmjs.org/mimic-response 63ms (cache miss)
108 timing idealTree:node_modules/node-red-contrib-https/node_modules/cacheable-request Completed in 66ms
109 silly placeDep node_modules/clone-response mimic-response@1.0.1 OK for: clone-response@1.0.3 want: ^1.0.0
110 timing idealTree:node_modules/clone-response Completed in 1ms
111 timing idealTree:node_modules/clone-response/node_modules/mimic-response Completed in 0ms
112 timing idealTree:node_modules/node-red-contrib-https/node_modules/get-stream Completed in 0ms
113 timing idealTree:node_modules/node-red-contrib-https/node_modules/hpagent Completed in 0ms
114 timing idealTree:node_modules/node-red-contrib-https/node_modules/http2-wrapper Completed in 0ms
115 timing idealTree:node_modules/node-red-contrib-https/node_modules/lowercase-keys Completed in 0ms
116 timing idealTree:node_modules/node-red-contrib-https/node_modules/normalize-url Completed in 0ms
117 timing idealTree:node_modules/node-red-contrib-https/node_modules/p-cancelable Completed in 0ms
118 timing idealTree:node_modules/node-red-contrib-https/node_modules/responselike Completed in 0ms
119 timing idealTree:node_modules/node-red-contrib-https/node_modules/uuid Completed in 0ms
120 timing idealTree:buildDeps Completed in 1477ms
121 timing idealTree:fixDepFlags Completed in 8ms
122 timing idealTree Completed in 1642ms
123 timing reify:loadTrees Completed in 1642ms
124 timing reify:diffTrees Completed in 7ms
125 silly reify moves {}
126 timing reify:retireShallow Completed in 1ms
127 timing reify:createSparse Completed in 4ms
128 timing reify:loadBundles Completed in 0ms
129 silly audit bulk request {
129 silly audit   '@babel/runtime': [ '7.24.5' ],
129 silly audit   '@mapbox/node-pre-gyp': [ '1.0.11' ],
129 silly audit   '@node-red/editor-api': [ '3.1.9' ],
129 silly audit   '@node-red/editor-client': [ '3.1.9' ],
129 silly audit   '@node-red/nodes': [ '3.1.9' ],
129 silly audit   '@node-red/registry': [ '3.1.9' ],
129 silly audit   '@node-red/runtime': [ '3.1.9' ],
129 silly audit   '@node-red/util': [ '3.1.9' ],
129 silly audit   '@sindresorhus/is': [ '5.6.0', '4.6.0' ],
129 silly audit   '@socket.io/component-emitter': [ '3.1.2' ],
129 silly audit   '@szmarczak/http-timer': [ '5.0.1', '4.0.6' ],
129 silly audit   '@types/cors': [ '2.8.19' ],
129 silly audit   '@types/http-cache-semantics': [ '4.0.4' ],
129 silly audit   '@types/node': [ '24.3.0' ],
129 silly audit   abbrev: [ '1.1.1' ],
129 silly audit   accepts: [ '1.3.8' ],
129 silly audit   acorn: [ '8.8.2' ],
129 silly audit   'acorn-walk': [ '8.2.0' ],
129 silly audit   'agent-base': [ '6.0.2' ],
129 silly audit   debug: [ '4.3.4', '2.6.9', '4.3.7' ],
129 silly audit   ms: [ '2.1.2', '2.1.3', '2.0.0' ],
129 silly audit   ajv: [ '8.12.0' ],
129 silly audit   'ansi-colors': [ '4.1.3' ],
129 silly audit   'ansi-regex': [ '5.0.1' ],
129 silly audit   'append-field': [ '1.0.0' ],
129 silly audit   aproba: [ '2.0.0' ],
129 silly audit   'are-we-there-yet': [ '2.0.0' ],
129 silly audit   argparse: [ '2.0.1' ],
129 silly audit   'array-flatten': [ '1.1.1' ],
129 silly audit   'async-mutex': [ '0.4.0' ],
129 silly audit   asynckit: [ '0.4.0' ],
129 silly audit   axios: [ '1.6.8' ],
129 silly audit   'balanced-match': [ '1.0.2' ],
129 silly audit   'base64-js': [ '1.5.1' ],
129 silly audit   base64id: [ '2.0.0' ],
129 silly audit   'basic-auth': [ '2.0.1' ],
129 silly audit   bcrypt: [ '5.1.0', '5.1.1' ],
129 silly audit   bcryptjs: [ '2.4.3' ],
129 silly audit   bl: [ '4.1.0' ],
129 silly audit   'body-parser': [ '1.20.2' ],
129 silly audit   'iconv-lite': [ '0.4.24', '0.6.3' ],
129 silly audit   boolbase: [ '1.0.0' ],
129 silly audit   'brace-expansion': [ '1.1.11' ],
129 silly audit   buffer: [ '5.7.1' ],
129 silly audit   'buffer-from': [ '1.1.2' ],
129 silly audit   busboy: [ '1.6.0' ],
129 silly audit   bytes: [ '3.1.2' ],
129 silly audit   'cacheable-lookup': [ '7.0.0', '5.0.4' ],
129 silly audit   'cacheable-request': [ '10.2.14', '7.0.4' ],
129 silly audit   'call-bind': [ '1.0.7' ],
129 silly audit   cheerio: [ '1.0.0-rc.10' ],
129 silly audit   'cheerio-select': [ '1.6.0' ],
129 silly audit   chownr: [ '2.0.0' ],
129 silly audit   'cli-table': [ '0.3.11' ],
129 silly audit   clone: [ '2.1.2' ],
129 silly audit   'color-support': [ '1.1.3' ],
129 silly audit   colors: [ '1.0.3' ],
129 silly audit   'combined-stream': [ '1.0.8' ],
129 silly audit   commist: [ '1.1.0' ],
129 silly audit   compressible: [ '2.0.18' ],
129 silly audit   compression: [ '1.8.1' ],
129 silly audit   negotiator: [ '0.6.4', '0.6.3' ],
129 silly audit   'on-headers': [ '1.1.0', '1.0.2' ],
129 silly audit   'safe-buffer': [ '5.2.1', '5.1.2' ],
129 silly audit   'concat-map': [ '0.0.1' ],
129 silly audit   'concat-stream': [ '2.0.0', '1.6.2' ],
129 silly audit   'console-control-strings': [ '1.1.0' ],
129 silly audit   'content-disposition': [ '0.5.4' ],
129 silly audit   'content-type': [ '1.0.5' ],
129 silly audit   cookie: [ '0.5.0', '0.4.1', '0.7.2', '0.4.2', '0.6.0' ],
129 silly audit   'cookie-parser': [ '1.4.6' ],
129 silly audit   'cookie-signature': [ '1.0.6' ],
129 silly audit   'core-util-is': [ '1.0.3' ],
129 silly audit   cors: [ '2.8.5' ],
129 silly audit   cronosjs: [ '1.7.1' ],
129 silly audit   'css-select': [ '4.3.0' ],
129 silly audit   'css-what': [ '6.1.0' ],
129 silly audit   'decompress-response': [ '6.0.0' ],
129 silly audit   'mimic-response': [ '3.1.0', '4.0.0', '1.0.1' ],
129 silly audit   'defer-to-connect': [ '2.0.1' ],
129 silly audit   'define-data-property': [ '1.1.4' ],
129 silly audit   'delayed-stream': [ '1.0.0' ],
129 silly audit   delegates: [ '1.0.0' ],
129 silly audit   denque: [ '2.1.0' ],
129 silly audit   depd: [ '2.0.0' ],
129 silly audit   destroy: [ '1.2.0' ],
129 silly audit   'detect-libc': [ '2.0.3' ],
129 silly audit   'dom-serializer': [ '1.4.1' ],
129 silly audit   domelementtype: [ '2.3.0' ],
129 silly audit   domhandler: [ '4.3.1' ],
129 silly audit   domutils: [ '2.8.0' ],
129 silly audit   duplexify: [ '4.1.3' ],
129 silly audit   'ee-first': [ '1.1.1' ],
129 silly audit   'emoji-regex': [ '8.0.0' ],
129 silly audit   encodeurl: [ '1.0.2', '2.0.0' ],
129 silly audit   'end-of-stream': [ '1.4.4' ],
129 silly audit   'engine.io': [ '6.6.4' ],
129 silly audit   'engine.io-parser': [ '5.2.3' ],
129 silly audit   ws: [ '8.17.1', '7.5.6' ],
129 silly audit   enquirer: [ '2.4.1' ],
129 silly audit   entities: [ '2.2.0' ],
129 silly audit   'es-define-property': [ '1.0.0' ],
129 silly audit   'es-errors': [ '1.3.0' ],
129 silly audit   'escape-html': [ '1.0.3' ],
129 silly audit   etag: [ '1.8.1' ],
129 silly audit   express: [ '4.19.2' ],
129 silly audit   'express-session': [ '1.17.3' ],
129 silly audit   'fast-deep-equal': [ '3.1.3' ],
129 silly audit   finalhandler: [ '1.2.0' ],
129 silly audit   'follow-redirects': [ '1.15.6' ],
129 silly audit   'form-data': [ '4.0.0' ],
129 silly audit   'form-data-encoder': [ '2.1.4' ],
129 silly audit   forwarded: [ '0.2.0' ],
129 silly audit   fresh: [ '0.5.2' ],
129 silly audit   'fs-extra': [ '11.1.1' ],
129 silly audit   'fs-minipass': [ '2.1.0' ],
129 silly audit   minipass: [ '3.3.6', '5.0.0' ],
129 silly audit   yallist: [ '4.0.0', '2.1.2' ],
129 silly audit   'fs.realpath': [ '1.0.0' ],
129 silly audit   'function-bind': [ '1.1.2' ],
129 silly audit   gauge: [ '3.0.2' ],
129 silly audit   'get-intrinsic': [ '1.2.4' ],
129 silly audit   'get-stream': [ '6.0.1', '5.2.0' ],
129 silly audit   glob: [ '7.2.3' ],
129 silly audit   gopd: [ '1.0.1' ],
129 silly audit   got: [ '12.6.0', '11.8.6' ],
129 silly audit   'graceful-fs': [ '4.2.11' ],
129 silly audit   gridstack: [ '0.6.4' ],
129 silly audit   'has-property-descriptors': [ '1.0.2' ],
129 silly audit   'has-proto': [ '1.0.3' ],
129 silly audit   'has-symbols': [ '1.0.3' ],
129 silly audit   'has-unicode': [ '2.0.1' ],
129 silly audit   'hash-sum': [ '2.0.0' ],
129 silly audit   hasown: [ '2.0.2' ],
129 silly audit   'help-me': [ '3.0.0' ],
129 silly audit   hpagent: [ '1.2.0', '0.1.2' ],
129 silly audit   htmlparser2: [ '6.1.0' ],
129 silly audit   'http-cache-semantics': [ '4.1.1' ],
129 silly audit   'http-errors': [ '2.0.0' ],
129 silly audit   'http2-wrapper': [ '2.2.1', '1.0.3' ],
129 silly audit   'https-proxy-agent': [ '5.0.1' ],
129 silly audit   i18next: [ '21.10.0' ],
129 silly audit   ieee754: [ '1.2.1' ],
129 silly audit   inflight: [ '1.0.6' ],
129 silly audit   inherits: [ '2.0.4' ],
129 silly audit   'ipaddr.js': [ '1.9.1' ],
129 silly audit   'is-fullwidth-code-point': [ '3.0.0' ],
129 silly audit   'is-utf8': [ '0.2.1' ],
129 silly audit   isarray: [ '1.0.0' ],
129 silly audit   jquery: [ '3.7.1' ],
129 silly audit   'js-sdsl': [ '4.3.0' ],
129 silly audit   'js-yaml': [ '4.1.0' ],
129 silly audit   'json-buffer': [ '3.0.1' ],
129 silly audit   'json-schema-traverse': [ '1.0.0' ],
129 silly audit   'json-stringify-safe': [ '5.0.1' ],
129 silly audit   jsonata: [ '1.8.7' ],
129 silly audit   jsonfile: [ '6.1.0' ],
129 silly audit   keyv: [ '4.5.4' ],
129 silly audit   leven: [ '2.1.0' ],
129 silly audit   'lodash.clonedeep': [ '4.5.0' ],
129 silly audit   'lowercase-keys': [ '3.0.0', '2.0.0' ],
129 silly audit   'lru-cache': [ '4.1.5', '6.0.0' ],
129 silly audit   'make-dir': [ '3.1.0' ],
129 silly audit   semver: [ '6.3.1', '7.5.4' ],
129 silly audit   'media-typer': [ '1.1.0', '0.3.0' ],
129 silly audit   memorystore: [ '1.6.7' ],
129 silly audit   'merge-descriptors': [ '1.0.1' ],
129 silly audit   methods: [ '1.1.2' ],
129 silly audit   mime: [ '3.0.0', '1.6.0' ],
129 silly audit   'mime-db': [ '1.52.0' ],
129 silly audit   'mime-types': [ '2.1.35' ],
129 silly audit   minimatch: [ '3.1.2' ],
129 silly audit   minimist: [ '1.2.8' ],
129 silly audit   minizlib: [ '2.1.2' ],
129 silly audit   mkdirp: [ '0.5.6', '1.0.4' ],
129 silly audit   moment: [ '2.29.4' ],
129 silly audit   'moment-timezone': [ '0.5.43' ],
129 silly audit   mqtt: [ '4.3.7' ],
129 silly audit   'mqtt-packet': [ '6.10.0' ],
129 silly audit   multer: [ '1.4.5-lts.1' ],
129 silly audit   'readable-stream': [ '2.3.8', '3.6.2' ],
129 silly audit   string_decoder: [ '1.1.1', '1.3.0' ],
129 silly audit   mustache: [ '4.2.0' ],
129 silly audit   'mute-stream': [ '0.0.8' ],
129 silly audit   'node-addon-api': [ '5.1.0' ],
129 silly audit   'node-fetch': [ '2.7.0' ],
129 silly audit   'node-red': [ '3.1.9' ],
129 silly audit   'node-red-admin': [ '3.1.3' ],
129 silly audit   'node-red-dashboard': [ '3.6.6' ],
129 silly audit   send: [ '0.19.0', '0.18.0' ],
129 silly audit   'serve-static': [ '1.16.2', '1.15.0' ],
129 silly audit   'node-red-node-base64': [ '1.0.0' ],
129 silly audit   'node-watch': [ '0.7.4' ],
129 silly audit   nopt: [ '5.0.0' ],
129 silly audit   'normalize-url': [ '8.0.1', '6.1.0' ],
129 silly audit   npmlog: [ '5.0.1' ],
129 silly audit   'nth-check': [ '2.1.1' ],
129 silly audit   'number-allocator': [ '1.0.14' ],
129 silly audit   oauth2orize: [ '1.11.1' ],
129 silly audit   'object-assign': [ '4.1.1' ],
129 silly audit   'object-inspect': [ '1.13.1' ],
129 silly audit   'on-finished': [ '2.4.1' ],
129 silly audit   once: [ '1.4.0' ],
129 silly audit   'p-cancelable': [ '3.0.0', '2.1.1' ],
129 silly audit   parse5: [ '6.0.1' ],
129 silly audit   'parse5-htmlparser2-tree-adapter': [ '6.0.1' ],
129 silly audit   parseurl: [ '1.3.3' ],
129 silly audit   passport: [ '0.6.0' ],
129 silly audit   'passport-http-bearer': [ '1.0.1' ],
129 silly audit   'passport-oauth2-client-password': [ '0.1.2' ],
129 silly audit   'passport-strategy': [ '1.0.0' ],
129 silly audit   'path-is-absolute': [ '1.0.1' ],
129 silly audit   'path-to-regexp': [ '0.1.7' ],
129 silly audit   pause: [ '0.0.1' ],
129 silly audit   'process-nextick-args': [ '2.0.1' ],
129 silly audit   'proxy-addr': [ '2.0.7' ],
129 silly audit   'proxy-from-env': [ '1.1.0' ],
129 silly audit   pseudomap: [ '1.0.2' ],
129 silly audit   psl: [ '1.9.0' ],
129 silly audit   pump: [ '3.0.0' ],
129 silly audit   punycode: [ '2.3.1' ],
129 silly audit   qs: [ '6.11.0' ],
129 silly audit   querystringify: [ '2.2.0' ],
129 silly audit   'quick-lru': [ '5.1.1' ],
129 silly audit   'random-bytes': [ '1.0.0' ],
129 silly audit   'range-parser': [ '1.2.1' ],
129 silly audit   'raw-body': [ '2.5.2' ],
129 silly audit   read: [ '1.0.7' ],
129 silly audit   'regenerator-runtime': [ '0.14.1' ],
129 silly audit   reinterval: [ '1.1.0' ],
129 silly audit   'require-from-string': [ '2.0.2' ],
129 silly audit   'requires-port': [ '1.0.0' ],
129 silly audit   'resolve-alpn': [ '1.2.1' ],
129 silly audit   responselike: [ '3.0.0', '2.0.1' ],
129 silly audit   rfdc: [ '1.3.1' ],
129 silly audit   rimraf: [ '3.0.2' ],
129 silly audit   'safer-buffer': [ '2.1.2' ],
129 silly audit   sax: [ '1.3.0' ],
129 silly audit   'set-blocking': [ '2.0.0' ],
129 silly audit   'set-function-length': [ '1.2.2' ],
129 silly audit   setprototypeof: [ '1.2.0' ],
129 silly audit   'side-channel': [ '1.0.6' ],
129 silly audit   'signal-exit': [ '3.0.7' ],
129 silly audit   'socket.io': [ '4.8.1' ],
129 silly audit   'socket.io-adapter': [ '2.5.5' ],
129 silly audit   'socket.io-parser': [ '4.2.4' ],
129 silly audit   split2: [ '3.2.2' ],
129 silly audit   statuses: [ '2.0.1' ],
129 silly audit   'stream-shift': [ '1.0.3' ],
129 silly audit   streamsearch: [ '1.1.0' ],
129 silly audit   'string-width': [ '4.2.3' ],
129 silly audit   'strip-ansi': [ '6.0.1' ],
129 silly audit   tar: [ '6.2.1' ],
129 silly audit   toidentifier: [ '1.0.1' ],
129 silly audit   'tough-cookie': [ '4.1.3' ],
129 silly audit   universalify: [ '0.2.0', '2.0.1' ],
129 silly audit   tr46: [ '0.0.3' ],
129 silly audit   tslib: [ '2.6.2' ],
129 silly audit   'type-is': [ '1.6.18' ],
129 silly audit   typedarray: [ '0.0.6' ],
129 silly audit   'uglify-js': [ '3.17.4' ],
129 silly audit   'uid-safe': [ '2.1.5' ],
129 silly audit   uid2: [ '0.0.4' ],
129 silly audit   'undici-types': [ '7.10.0' ],
129 silly audit   unpipe: [ '1.0.0' ],
129 silly audit   'uri-js': [ '4.4.1' ],
129 silly audit   'url-parse': [ '1.5.10' ],
129 silly audit   'util-deprecate': [ '1.0.2' ],
129 silly audit   'utils-merge': [ '1.0.1' ],
129 silly audit   uuid: [ '9.0.0', '8.3.2' ],
129 silly audit   vary: [ '1.1.2' ],
129 silly audit   'webidl-conversions': [ '3.0.1' ],
129 silly audit   'whatwg-url': [ '5.0.0' ],
129 silly audit   'wide-align': [ '1.1.5' ],
129 silly audit   wrappy: [ '1.0.2' ],
129 silly audit   xml2js: [ '0.6.2' ],
129 silly audit   xmlbuilder: [ '11.0.1' ],
129 silly audit   xtend: [ '4.0.2' ],
129 silly audit   'node-red-contrib-https': [ '2.0.0' ],
129 silly audit   '@types/cacheable-request': [ '6.0.3' ],
129 silly audit   '@types/responselike': [ '1.0.3' ],
129 silly audit   '@types/keyv': [ '3.1.4' ],
129 silly audit   'clone-response': [ '1.0.3' ]
129 silly audit }
130 silly tarball no local data for clone-response@https://registry.npmjs.org/clone-response/-/clone-response-1.0.3.tgz. Extracting by manifest.
131 silly tarball no local data for node-red-contrib-https@https://registry.npmjs.org/node-red-contrib-https/-/node-red-contrib-https-2.0.0.tgz. Extracting by manifest.
132 silly tarball no local data for @types/keyv@https://registry.npmjs.org/@types/keyv/-/keyv-3.1.4.tgz. Extracting by manifest.
133 silly tarball no local data for @types/cacheable-request@https://registry.npmjs.org/@types/cacheable-request/-/cacheable-request-6.0.3.tgz. Extracting by manifest.
134 silly tarball no local data for mimic-response@https://registry.npmjs.org/mimic-response/-/mimic-response-1.0.1.tgz. Extracting by manifest.
135 silly tarball no local data for @types/responselike@https://registry.npmjs.org/@types/responselike/-/responselike-1.0.3.tgz. Extracting by manifest.
136 silly tarball no local data for normalize-url@https://registry.npmjs.org/normalize-url/-/normalize-url-6.1.0.tgz. Extracting by manifest.
137 silly tarball no local data for responselike@https://registry.npmjs.org/responselike/-/responselike-2.0.1.tgz. Extracting by manifest.
138 silly tarball no local data for p-cancelable@https://registry.npmjs.org/p-cancelable/-/p-cancelable-2.1.1.tgz. Extracting by manifest.
139 silly tarball no local data for get-stream@https://registry.npmjs.org/get-stream/-/get-stream-5.2.0.tgz. Extracting by manifest.
140 silly tarball no local data for lowercase-keys@https://registry.npmjs.org/lowercase-keys/-/lowercase-keys-2.0.0.tgz. Extracting by manifest.
141 silly tarball no local data for http2-wrapper@https://registry.npmjs.org/http2-wrapper/-/http2-wrapper-1.0.3.tgz. Extracting by manifest.
142 silly tarball no local data for cacheable-request@https://registry.npmjs.org/cacheable-request/-/cacheable-request-7.0.4.tgz. Extracting by manifest.
143 silly tarball no local data for @szmarczak/http-timer@https://registry.npmjs.org/@szmarczak/http-timer/-/http-timer-4.0.6.tgz. Extracting by manifest.
144 silly tarball no local data for @sindresorhus/is@https://registry.npmjs.org/@sindresorhus/is/-/is-4.6.0.tgz. Extracting by manifest.
145 silly tarball no local data for cacheable-lookup@https://registry.npmjs.org/cacheable-lookup/-/cacheable-lookup-5.0.4.tgz. Extracting by manifest.
146 silly tarball no local data for uuid@https://registry.npmjs.org/uuid/-/uuid-8.3.2.tgz. Extracting by manifest.
147 silly tarball no local data for cookie@https://registry.npmjs.org/cookie/-/cookie-0.4.2.tgz. Extracting by manifest.
148 silly tarball no local data for got@https://registry.npmjs.org/got/-/got-11.8.6.tgz. Extracting by manifest.
149 silly tarball no local data for hpagent@https://registry.npmjs.org/hpagent/-/hpagent-0.1.2.tgz. Extracting by manifest.
150 http fetch GET 200 https://registry.npmjs.org/@types/keyv/-/keyv-3.1.4.tgz 163ms (cache miss)
151 timing reifyNode:node_modules/@types/keyv Completed in 177ms
152 http fetch GET 200 https://registry.npmjs.org/p-cancelable/-/p-cancelable-2.1.1.tgz 161ms (cache miss)
153 timing reifyNode:node_modules/node-red-contrib-https/node_modules/p-cancelable Completed in 178ms
154 http fetch GET 200 https://registry.npmjs.org/mimic-response/-/mimic-response-1.0.1.tgz 165ms (cache miss)
155 timing reifyNode:node_modules/clone-response/node_modules/mimic-response Completed in 179ms
156 http fetch GET 200 https://registry.npmjs.org/responselike/-/responselike-2.0.1.tgz 163ms (cache miss)
157 timing reifyNode:node_modules/node-red-contrib-https/node_modules/responselike Completed in 179ms
158 http fetch GET 200 https://registry.npmjs.org/@types/responselike/-/responselike-1.0.3.tgz 166ms (cache miss)
159 timing reifyNode:node_modules/@types/responselike Completed in 181ms
160 http fetch GET 200 https://registry.npmjs.org/clone-response/-/clone-response-1.0.3.tgz 170ms (cache miss)
161 timing reifyNode:node_modules/clone-response Completed in 182ms
162 http fetch GET 200 https://registry.npmjs.org/normalize-url/-/normalize-url-6.1.0.tgz 167ms (cache miss)
163 timing reifyNode:node_modules/node-red-contrib-https/node_modules/normalize-url Completed in 182ms
164 http fetch GET 200 https://registry.npmjs.org/node-red-contrib-https/-/node-red-contrib-https-2.0.0.tgz 173ms (cache miss)
165 timing reifyNode:node_modules/node-red-contrib-https Completed in 185ms
166 http fetch GET 200 https://registry.npmjs.org/cacheable-lookup/-/cacheable-lookup-5.0.4.tgz 184ms (cache miss)
167 timing reifyNode:node_modules/node-red-contrib-https/node_modules/cacheable-lookup Completed in 208ms
168 http fetch GET 200 https://registry.npmjs.org/@sindresorhus/is/-/is-4.6.0.tgz 199ms (cache miss)
169 timing reifyNode:node_modules/node-red-contrib-https/node_modules/@sindresorhus/is Completed in 221ms
170 http fetch GET 200 https://registry.npmjs.org/cookie/-/cookie-0.4.2.tgz 199ms (cache miss)
171 timing reifyNode:node_modules/node-red-contrib-https/node_modules/cookie Completed in 224ms
172 http fetch GET 200 https://registry.npmjs.org/hpagent/-/hpagent-0.1.2.tgz 194ms (cache miss)
173 timing reifyNode:node_modules/node-red-contrib-https/node_modules/hpagent Completed in 226ms
174 http fetch GET 200 https://registry.npmjs.org/lowercase-keys/-/lowercase-keys-2.0.0.tgz 213ms (cache miss)
175 timing reifyNode:node_modules/node-red-contrib-https/node_modules/lowercase-keys Completed in 232ms
176 http fetch GET 200 https://registry.npmjs.org/get-stream/-/get-stream-5.2.0.tgz 215ms (cache miss)
177 timing reifyNode:node_modules/node-red-contrib-https/node_modules/get-stream Completed in 233ms
178 http fetch GET 200 https://registry.npmjs.org/cacheable-request/-/cacheable-request-7.0.4.tgz 213ms (cache miss)
179 timing reifyNode:node_modules/node-red-contrib-https/node_modules/cacheable-request Completed in 234ms
180 http fetch GET 200 https://registry.npmjs.org/@szmarczak/http-timer/-/http-timer-4.0.6.tgz 213ms (cache miss)
181 timing reifyNode:node_modules/node-red-contrib-https/node_modules/@szmarczak/http-timer Completed in 235ms
182 http fetch GET 200 https://registry.npmjs.org/http2-wrapper/-/http2-wrapper-1.0.3.tgz 219ms (cache miss)
183 timing reifyNode:node_modules/node-red-contrib-https/node_modules/http2-wrapper Completed in 239ms
184 http fetch GET 200 https://registry.npmjs.org/uuid/-/uuid-8.3.2.tgz 215ms (cache miss)
185 timing reifyNode:node_modules/node-red-contrib-https/node_modules/uuid Completed in 240ms
186 http fetch GET 200 https://registry.npmjs.org/got/-/got-11.8.6.tgz 213ms (cache miss)
187 timing reifyNode:node_modules/node-red-contrib-https/node_modules/got Completed in 240ms
188 http fetch POST 200 https://registry.npmjs.org/-/npm/v1/security/advisories/bulk 301ms
189 timing auditReport:getReport Completed in 307ms
190 silly audit report {
190 silly audit report   '@babel/runtime': [
190 silly audit report     {
190 silly audit report       id: 1104000,
190 silly audit report       url: 'https://github.com/advisories/GHSA-968p-4wvh-cqc8',
190 silly audit report       title: 'Babel has inefficient RegExp complexity in generated code with .replace when transpiling named capturing groups',
190 silly audit report       severity: 'moderate',
190 silly audit report       vulnerable_versions: '<7.26.10',
190 silly audit report       cwe: [Array],
190 silly audit report       cvss: [Object]
190 silly audit report     }
190 silly audit report   ],
190 silly audit report   axios: [
190 silly audit report     {
190 silly audit report       id: 1103618,
190 silly audit report       url: 'https://github.com/advisories/GHSA-jr5f-v2jv-69x6',
190 silly audit report       title: 'axios Requests Vulnerable To Possible SSRF and Credential Leakage via Absolute URL',
190 silly audit report       severity: 'high',
190 silly audit report       vulnerable_versions: '>=1.0.0 <1.8.2',
190 silly audit report       cwe: [Array],
190 silly audit report       cvss: [Object]
190 silly audit report     },
190 silly audit report     {
190 silly audit report       id: 1098583,
190 silly audit report       url: 'https://github.com/advisories/GHSA-8hc4-vh64-cxmj',
190 silly audit report       title: 'Server-Side Request Forgery in axios',
190 silly audit report       severity: 'high',
190 silly audit report       vulnerable_versions: '>=1.3.2 <=1.7.3',
190 silly audit report       cwe: [Array],
190 silly audit report       cvss: [Object]
190 silly audit report     }
190 silly audit report   ],
190 silly audit report   'body-parser': [
190 silly audit report     {
190 silly audit report       id: 1099520,
190 silly audit report       url: 'https://github.com/advisories/GHSA-qwcr-r2fm-qrc7',
190 silly audit report       title: 'body-parser vulnerable to denial of service when url encoding is enabled',
190 silly audit report       severity: 'high',
190 silly audit report       vulnerable_versions: '<1.20.3',
190 silly audit report       cwe: [Array],
190 silly audit report       cvss: [Object]
190 silly audit report     }
190 silly audit report   ],
190 silly audit report   'brace-expansion': [
190 silly audit report     {
190 silly audit report       id: 1105443,
190 silly audit report       url: 'https://github.com/advisories/GHSA-v6h2-p8h4-qcjw',
190 silly audit report       title: 'brace-expansion Regular Expression Denial of Service vulnerability',
190 silly audit report       severity: 'low',
190 silly audit report       vulnerable_versions: '>=1.0.0 <=1.1.11',
190 silly audit report       cwe: [Array],
190 silly audit report       cvss: [Object]
190 silly audit report     }
190 silly audit report   ],
190 silly audit report   'on-headers': [
190 silly audit report     {
190 silly audit report       id: 1106812,
190 silly audit report       url: 'https://github.com/advisories/GHSA-76c9-3jph-rj3q',
190 silly audit report       title: 'on-headers is vulnerable to http response header manipulation',
190 silly audit report       severity: 'low',
190 silly audit report       vulnerable_versions: '<1.1.0',
190 silly audit report       cwe: [Array],
190 silly audit report       cvss: [Object]
190 silly audit report     }
190 silly audit report   ],
190 silly audit report   cookie: [
190 silly audit report     {
190 silly audit report       id: 1103907,
190 silly audit report       url: 'https://github.com/advisories/GHSA-pxg6-pf52-xh8x',
190 silly audit report       title: 'cookie accepts cookie name, path, and domain with out of bounds characters',
190 silly audit report       severity: 'low',
190 silly audit report       vulnerable_versions: '<0.7.0',
190 silly audit report       cwe: [Array],
190 silly audit report       cvss: [Object]
190 silly audit report     }
190 silly audit report   ],
190 silly audit report   ws: [
190 silly audit report     {
190 silly audit report       id: 1098393,
190 silly audit report       url: 'https://github.com/advisories/GHSA-3h5v-q93c-6h6q',
190 silly audit report       title: 'ws affected by a DoS when handling a request with many HTTP headers',
190 silly audit report       severity: 'high',
190 silly audit report       vulnerable_versions: '>=7.0.0 <7.5.10',
190 silly audit report       cwe: [Array],
190 silly audit report       cvss: [Object]
190 silly audit report     }
190 silly audit report   ],
190 silly audit report   express: [
190 silly audit report     {
190 silly audit report       id: 1100530,
190 silly audit report       url: 'https://github.com/advisories/GHSA-qw6h-vgh9-j6wx',
190 silly audit report       title: 'express vulnerable to XSS via response.redirect()',
190 silly audit report       severity: 'low',
190 silly audit report       vulnerable_versions: '<4.20.0',
190 silly audit report       cwe: [Array],
190 silly audit report       cvss: [Object]
190 silly audit report     }
190 silly audit report   ],
190 silly audit report   'form-data': [
190 silly audit report     {
190 silly audit report       id: 1106507,
190 silly audit report       url: 'https://github.com/advisories/GHSA-fjxv-7rqg-78g4',
190 silly audit report       title: 'form-data uses unsafe random function in form-data for choosing boundary',
190 silly audit report       severity: 'critical',
190 silly audit report       vulnerable_versions: '>=4.0.0 <4.0.4',
190 silly audit report       cwe: [Array],
190 silly audit report       cvss: [Object]
190 silly audit report     }
190 silly audit report   ],
190 silly audit report   send: [
190 silly audit report     {
190 silly audit report       id: 1100526,
190 silly audit report       url: 'https://github.com/advisories/GHSA-m6fv-jmcg-4jfg',
190 silly audit report       title: 'send vulnerable to template injection that can lead to XSS',
190 silly audit report       severity: 'low',
190 silly audit report       vulnerable_versions: '<0.19.0',
190 silly audit report       cwe: [Array],
190 silly audit report       cvss: [Object]
190 silly audit report     }
190 silly audit report   ],
190 silly audit report   'serve-static': [
190 silly audit report     {
190 silly audit report       id: 1100528,
190 silly audit report       url: 'https://github.com/advisories/GHSA-cm22-4g7w-348p',
190 silly audit report       title: 'serve-static vulnerable to template injection that can lead to XSS',
190 silly audit report       severity: 'low',
190 silly audit report       vulnerable_versions: '<1.16.0',
190 silly audit report       cwe: [Array],
190 silly audit report       cvss: [Object]
190 silly audit report     }
190 silly audit report   ],
190 silly audit report   'path-to-regexp': [
190 silly audit report     {
190 silly audit report       id: 1101850,
190 silly audit report       url: 'https://github.com/advisories/GHSA-9wv6-86v2-598j',
190 silly audit report       title: 'path-to-regexp outputs backtracking regular expressions',
190 silly audit report       severity: 'high',
190 silly audit report       vulnerable_versions: '<0.1.10',
190 silly audit report       cwe: [Array],
190 silly audit report       cvss: [Object]
190 silly audit report     },
190 silly audit report     {
190 silly audit report       id: 1105199,
190 silly audit report       url: 'https://github.com/advisories/GHSA-rhx6-c78j-4q9w',
190 silly audit report       title: 'path-to-regexp contains a ReDoS',
190 silly audit report       severity: 'high',
190 silly audit report       vulnerable_versions: '<0.1.12',
190 silly audit report       cwe: [Array],
190 silly audit report       cvss: [Object]
190 silly audit report     }
190 silly audit report   ]
190 silly audit report }
191 timing metavuln:packument:cookie Completed in 8ms
192 timing metavuln:cache:get:security-advisory:axios:cqLCyeU+3HaJNb+kaeA7yU360yestpodqPvDfJTDbjG30zeDWPzAUApY9rmoaltxNT6CmJHu60887qFPSLlmgA== Completed in 18ms
193 timing metavuln:cache:get:security-advisory:@babel/runtime:xDaNmlS3J8LRk7IfDb7e9Gp3gcy/xDr1QZXCKC997SMkqKVemm2guY9vQpRI6omD11L5cfCI+STpoAdxUgnVsA== Completed in 19ms
194 timing metavuln:cache:get:security-advisory:body-parser:uoEU0GS6gk35ZdcQ5nagZYzZcDz5Th0PEvPIVa8rzwbO20pRdxYbAhpIm6Wc5MALXoWb1C4X8WqCtH02U0Wo1A== Completed in 19ms
195 timing metavuln:cache:get:security-advisory:on-headers:O+Ys/f4bZubU3jA9Sqz4HIIJaATwc83W201O653Eo/4y8FTwrgSc3mrXs4p8n7svj0OzipJYTBXXWJCgp81mSQ== Completed in 18ms
196 timing metavuln:cache:get:security-advisory:axios:A8udLrZcWN+DjwMEb6fshdN5n5UqnCxbUOi3f6updLXGwKik6oGDcb5NO4lCNOiL70Sj6OLiRrZ1dDDD3Cx4zQ== Completed in 19ms
197 timing metavuln:cache:get:security-advisory:ws:N8g2qAUvG7gJk0uIxvf7eawnYiVM58YMaKRZl7X9WWy+42qPe0Hts/0lWzP3xVay7NIbSsW6+HWbKdYCtuWhlw== Completed in 18ms
198 timing metavuln:cache:get:security-advisory:cookie:EFt7h/FZLeopARa06+F2CBY5ItUm007mP/cHgZjTJZX1MeIwg3JD7toSioRoDeE8wm5VdkimqlS+CnuPhZqbIg== Completed in 18ms
199 timing metavuln:load:security-advisory:cookie:1103907 Completed in 0ms
200 timing metavuln:calculate:security-advisory:cookie:1103907 Completed in 18ms
201 timing metavuln:cache:get:security-advisory:brace-expansion:7IQMvcVTr+svbh5KCx4Kl6FQKJ1GciM03BnJAve/5WYJjUeRzKAIrStVpfachbl3T6a7o8nYlQEVG6Ih0TNXRg== Completed in 18ms
202 timing metavuln:cache:get:security-advisory:form-data:Vc5ATTa4ISaV60JUGRLdeb3caHRdETZ1fqKy/NzbTDpqibD48B9PgAckl+9+ATZwOukNIx168QkTjvxmITFQYw== Completed in 17ms
203 timing metavuln:cache:get:security-advisory:send:OO84Jm+bi6L8ol/TxvTv+544ykBtTelmjwigseeY2D0sCzg0KsHTtaRRJob9h32hC3fi9i3JSBR51oHF0vvyRQ== Completed in 18ms
204 timing metavuln:cache:get:security-advisory:express:Y6ACp2DmYM+0HQ/I8CvEhLQJwNp8DOoQ76C8ObH06Y0qG40PIuVRmOi3OWzwUOTASTLCIWqeicWSO/acR3aaGQ== Completed in 18ms
205 timing metavuln:cache:get:security-advisory:path-to-regexp:1zdQfT/2s1/9HPIPcJl7TnWCFxsytt3sSe7T+xPf8FNpp2H4co4yvyKagGg4lKEjTVlcftvXdieAZPONp1djoQ== Completed in 16ms
206 timing metavuln:cache:get:security-advisory:serve-static:VyBBWzRCPk4QPwU71mkZJ+QZdwW0bnbx/lUJDdvhij3t67jGrB4z2A5Ryyta1VjZgpmZ9kuyannc46B7jSSuiQ== Completed in 17ms
207 timing metavuln:cache:get:security-advisory:path-to-regexp:0sP5sOjSm2jEVzBjQIX2s9I2rZ6lj48WyfSR+oVtUzndwLs0Cww28/j1R5EWf/fv+a3hc7KtVDL8gxcHV6kAiQ== Completed in 17ms
208 http fetch GET 200 https://registry.npmjs.org/express 75ms (cache revalidated)
209 timing metavuln:packument:express Completed in 77ms
210 timing metavuln:load:security-advisory:express:1100530 Completed in 2ms
211 timing metavuln:calculate:security-advisory:express:1100530 Completed in 79ms
212 http fetch GET 200 https://registry.npmjs.org/axios 86ms (cache revalidated)
213 timing metavuln:packument:axios Completed in 88ms
214 timing metavuln:load:security-advisory:axios:1103618 Completed in 2ms
215 timing metavuln:calculate:security-advisory:axios:1103618 Completed in 91ms
216 timing metavuln:load:security-advisory:axios:1098583 Completed in 1ms
217 timing metavuln:calculate:security-advisory:axios:1098583 Completed in 92ms
218 http fetch GET 200 https://registry.npmjs.org/send 96ms (cache revalidated)
219 timing metavuln:packument:send Completed in 98ms
220 timing metavuln:load:security-advisory:send:1100526 Completed in 0ms
221 timing metavuln:calculate:security-advisory:send:1100526 Completed in 98ms
222 http fetch GET 200 https://registry.npmjs.org/body-parser 101ms (cache revalidated)
223 timing metavuln:packument:body-parser Completed in 105ms
224 timing metavuln:load:security-advisory:body-parser:1099520 Completed in 0ms
225 timing metavuln:calculate:security-advisory:body-parser:1099520 Completed in 105ms
226 http fetch GET 200 https://registry.npmjs.org/serve-static 101ms (cache revalidated)
227 timing metavuln:packument:serve-static Completed in 102ms
228 timing metavuln:load:security-advisory:serve-static:1100528 Completed in 1ms
229 timing metavuln:calculate:security-advisory:serve-static:1100528 Completed in 103ms
230 http fetch GET 200 https://registry.npmjs.org/brace-expansion 105ms (cache revalidated)
231 timing metavuln:packument:brace-expansion Completed in 106ms
232 timing metavuln:load:security-advisory:brace-expansion:1105443 Completed in 0ms
233 timing metavuln:calculate:security-advisory:brace-expansion:1105443 Completed in 107ms
234 http fetch GET 200 https://registry.npmjs.org/path-to-regexp 104ms (cache revalidated)
235 timing metavuln:packument:path-to-regexp Completed in 105ms
236 timing metavuln:load:security-advisory:path-to-regexp:1101850 Completed in 0ms
237 timing metavuln:calculate:security-advisory:path-to-regexp:1101850 Completed in 105ms
238 timing metavuln:load:security-advisory:path-to-regexp:1105199 Completed in 0ms
239 timing metavuln:calculate:security-advisory:path-to-regexp:1105199 Completed in 105ms
240 http fetch GET 200 https://registry.npmjs.org/on-headers 108ms (cache revalidated)
241 timing metavuln:packument:on-headers Completed in 108ms
242 timing metavuln:load:security-advisory:on-headers:1106812 Completed in 0ms
243 timing metavuln:calculate:security-advisory:on-headers:1106812 Completed in 108ms
244 http fetch GET 200 https://registry.npmjs.org/ws 108ms (cache revalidated)
245 timing metavuln:packument:ws Completed in 109ms
246 timing metavuln:load:security-advisory:ws:1098393 Completed in 1ms
247 timing metavuln:calculate:security-advisory:ws:1098393 Completed in 110ms
248 http fetch GET 200 https://registry.npmjs.org/form-data 112ms (cache revalidated)
249 timing metavuln:packument:form-data Completed in 113ms
250 timing metavuln:load:security-advisory:form-data:1106507 Completed in 0ms
251 timing metavuln:calculate:security-advisory:form-data:1106507 Completed in 113ms
252 http fetch GET 200 https://registry.npmjs.org/@babel%2fruntime 115ms (cache revalidated)
253 timing metavuln:packument:@babel/runtime Completed in 117ms
254 timing metavuln:load:security-advisory:@babel/runtime:1104000 Completed in 1ms
255 timing metavuln:calculate:security-advisory:@babel/runtime:1104000 Completed in 118ms
256 timing metavuln:cache:get:security-advisory:i18next:l4tbfjbVOZGuH/00FuoHxAf5DtkJBCMqzu0CQ4juWz1pfNe0diGF78qD/NikjjOQugC9THUj3QGPzO/X2ByTaQ== Completed in 2ms
257 http fetch GET 200 https://registry.npmjs.org/i18next 71ms (cache revalidated)
258 timing metavuln:packument:i18next Completed in 81ms
259 timing metavuln:load:security-advisory:i18next:xDaNmlS3J8LRk7IfDb7e9Gp3gcy/xDr1QZXCKC997SMkqKVemm2guY9vQpRI6omD11L5cfCI+STpoAdxUgnVsA== Completed in 3ms
260 timing metavuln:calculate:security-advisory:i18next:xDaNmlS3J8LRk7IfDb7e9Gp3gcy/xDr1QZXCKC997SMkqKVemm2guY9vQpRI6omD11L5cfCI+STpoAdxUgnVsA== Completed in 85ms
261 timing metavuln:cache:get:security-advisory:node-red-admin:CSQNl+DChhnZWghyj84n9sRJR7A0L2hpnR1ONT5GZO2xyEOOrQ4C2YpjS4Ndd0ENdYrcSqspmDlRPxFGLk473Q== Completed in 3ms
262 http fetch GET 200 https://registry.npmjs.org/node-red-admin 104ms (cache revalidated)
263 timing metavuln:packument:node-red-admin Completed in 105ms
264 timing metavuln:load:security-advisory:node-red-admin:cqLCyeU+3HaJNb+kaeA7yU360yestpodqPvDfJTDbjG30zeDWPzAUApY9rmoaltxNT6CmJHu60887qFPSLlmgA== Completed in 1ms
265 timing metavuln:calculate:security-advisory:node-red-admin:cqLCyeU+3HaJNb+kaeA7yU360yestpodqPvDfJTDbjG30zeDWPzAUApY9rmoaltxNT6CmJHu60887qFPSLlmgA== Completed in 107ms
266 timing metavuln:cache:get:security-advisory:express:jvTd6gzTcOHtTpI+4CX7Ne4qICdj+n1Uun+dHPDk1JAyy9ltqA8JnsvVhBi+M0Y+kR5QoSv5YqjecJACWBUhEA== Completed in 7ms
267 timing metavuln:load:security-advisory:express:uoEU0GS6gk35ZdcQ5nagZYzZcDz5Th0PEvPIVa8rzwbO20pRdxYbAhpIm6Wc5MALXoWb1C4X8WqCtH02U0Wo1A== Completed in 1ms
268 timing metavuln:calculate:security-advisory:express:uoEU0GS6gk35ZdcQ5nagZYzZcDz5Th0PEvPIVa8rzwbO20pRdxYbAhpIm6Wc5MALXoWb1C4X8WqCtH02U0Wo1A== Completed in 8ms
269 timing metavuln:cache:get:security-advisory:@node-red/nodes:GAPB5oHP0LfYPCGozPUN0/aJdOifjwvIQjQrPA7Zf7WaeeJVU5JIptP6lgCGsfnRVhPRDyOyaX3cGEKctiHu5g== Completed in 8ms
270 timing metavuln:cache:get:security-advisory:@node-red/editor-api:ESczJjBjy21KcbVq362XWZylQcU0pRIENIjkTnUCsRt+0KNhvA57wEPEyXc/2agDt+N2c8f6LfqLjM49Rr14oQ== Completed in 9ms
271 http fetch GET 200 https://registry.npmjs.org/@types/cacheable-request/-/cacheable-request-6.0.3.tgz 655ms (cache miss)
272 timing reifyNode:node_modules/@types/cacheable-request Completed in 669ms
273 timing reify:unpack Completed in 669ms
274 timing reify:unretire Completed in 0ms
275 timing build:queue Completed in 1ms
276 timing build:link:node_modules/node-red-contrib-https/node_modules/uuid Completed in 2ms
277 timing build:link Completed in 2ms
278 timing build:deps Completed in 3ms
279 timing build Completed in 3ms
280 timing reify:build Completed in 4ms
281 timing reify:trash Completed in 0ms
282 timing reify:save Completed in 48ms
283 http fetch GET 200 https://registry.npmjs.org/@node-red%2fnodes 121ms (cache revalidated)
284 timing metavuln:packument:@node-red/nodes Completed in 122ms
285 timing metavuln:load:security-advisory:@node-red/nodes:uoEU0GS6gk35ZdcQ5nagZYzZcDz5Th0PEvPIVa8rzwbO20pRdxYbAhpIm6Wc5MALXoWb1C4X8WqCtH02U0Wo1A== Completed in 0ms
286 timing metavuln:calculate:security-advisory:@node-red/nodes:uoEU0GS6gk35ZdcQ5nagZYzZcDz5Th0PEvPIVa8rzwbO20pRdxYbAhpIm6Wc5MALXoWb1C4X8WqCtH02U0Wo1A== Completed in 122ms
287 http fetch GET 200 https://registry.npmjs.org/@node-red%2feditor-api 123ms (cache revalidated)
288 timing metavuln:packument:@node-red/editor-api Completed in 125ms
289 timing metavuln:load:security-advisory:@node-red/editor-api:uoEU0GS6gk35ZdcQ5nagZYzZcDz5Th0PEvPIVa8rzwbO20pRdxYbAhpIm6Wc5MALXoWb1C4X8WqCtH02U0Wo1A== Completed in 1ms
290 timing metavuln:calculate:security-advisory:@node-red/editor-api:uoEU0GS6gk35ZdcQ5nagZYzZcDz5Th0PEvPIVa8rzwbO20pRdxYbAhpIm6Wc5MALXoWb1C4X8WqCtH02U0Wo1A== Completed in 126ms
291 timing metavuln:cache:get:security-advisory:minimatch:EdzP79sukXfwnaTxyFO/a1+fXPBBvIH9NlsgWGTGWGSpQkNPxYQxFaMxiKCAwfckwBABbsvD1jCrk+QZ4W56Rw== Completed in 2ms
292 http fetch GET 200 https://registry.npmjs.org/minimatch 77ms (cache revalidated)
293 timing metavuln:packument:minimatch Completed in 78ms
294 timing metavuln:load:security-advisory:minimatch:7IQMvcVTr+svbh5KCx4Kl6FQKJ1GciM03BnJAve/5WYJjUeRzKAIrStVpfachbl3T6a7o8nYlQEVG6Ih0TNXRg== Completed in 0ms
295 timing metavuln:calculate:security-advisory:minimatch:7IQMvcVTr+svbh5KCx4Kl6FQKJ1GciM03BnJAve/5WYJjUeRzKAIrStVpfachbl3T6a7o8nYlQEVG6Ih0TNXRg== Completed in 78ms
296 timing metavuln:cache:get:security-advisory:express-session:wMNaFhKiShCC1n8d6Vurah9Tg+OH6hUJ0QyqEQKikAdNih2n7c9rl9FOYr1SwuYmy95c0qUaicIh2p5dg7pDSQ== Completed in 3ms
297 timing metavuln:cache:get:security-advisory:@node-red/nodes:Q7iapCtnygJZCyD0re43aRTgNV6rqiLCe5YfF7jJmRmddASHaClkQ7D3c8k1o6yHD+2SZQ7+Zvunr5k280hFFQ== Completed in 3ms
298 timing metavuln:load:security-advisory:@node-red/nodes:O+Ys/f4bZubU3jA9Sqz4HIIJaATwc83W201O653Eo/4y8FTwrgSc3mrXs4p8n7svj0OzipJYTBXXWJCgp81mSQ== Completed in 1ms
299 timing metavuln:calculate:security-advisory:@node-red/nodes:O+Ys/f4bZubU3jA9Sqz4HIIJaATwc83W201O653Eo/4y8FTwrgSc3mrXs4p8n7svj0OzipJYTBXXWJCgp81mSQ== Completed in 4ms
300 http fetch GET 200 https://registry.npmjs.org/express-session 69ms (cache revalidated)
301 timing metavuln:packument:express-session Completed in 71ms
302 timing metavuln:load:security-advisory:express-session:O+Ys/f4bZubU3jA9Sqz4HIIJaATwc83W201O653Eo/4y8FTwrgSc3mrXs4p8n7svj0OzipJYTBXXWJCgp81mSQ== Completed in 0ms
303 timing metavuln:calculate:security-advisory:express-session:O+Ys/f4bZubU3jA9Sqz4HIIJaATwc83W201O653Eo/4y8FTwrgSc3mrXs4p8n7svj0OzipJYTBXXWJCgp81mSQ== Completed in 71ms
304 timing metavuln:packument:node-red-contrib-https Completed in 0ms
305 timing metavuln:cache:get:security-advisory:node-red-contrib-https:RklRLAhHEi2GJoReIXc0anJowQlEi3UGwR8E9dmnEJc2dHPznaXWd76Wv/fpsSfTuH9DRldbGgv2tw0iCCAoLg== Completed in 1ms
306 timing metavuln:load:security-advisory:node-red-contrib-https:EFt7h/FZLeopARa06+F2CBY5ItUm007mP/cHgZjTJZX1MeIwg3JD7toSioRoDeE8wm5VdkimqlS+CnuPhZqbIg== Completed in 0ms
307 timing metavuln:cache:get:security-advisory:cookie-parser:wMGY3CTwe1TilEBppkXmFEhwLd0qajxRq2E+aSYE5xmodo241jSbmUsYne+laUgMsb4eY82rGeNCJeLwFX3edQ== Completed in 5ms
308 timing metavuln:cache:get:security-advisory:express:sb5aHYxuv7oTd2v1ApotGTTuwOWqb9o3qRQ2W5Aju5V6v7nYbGS+2GR0OxQkrB3Sgzu051IbP4LwzpKgrH2WGQ== Completed in 5ms
309 timing metavuln:load:security-advisory:express:EFt7h/FZLeopARa06+F2CBY5ItUm007mP/cHgZjTJZX1MeIwg3JD7toSioRoDeE8wm5VdkimqlS+CnuPhZqbIg== Completed in 1ms
310 timing metavuln:calculate:security-advisory:express:EFt7h/FZLeopARa06+F2CBY5ItUm007mP/cHgZjTJZX1MeIwg3JD7toSioRoDeE8wm5VdkimqlS+CnuPhZqbIg== Completed in 6ms
311 timing metavuln:cache:get:security-advisory:express-session:RFFw5smL0rZuDKrfLxn6699poueLzOCubLBSzyfAqaGQ6Eq4WbWvd70fXxwEsYVZTTDGSh5+AhanApzKk8vNmQ== Completed in 6ms
312 timing metavuln:load:security-advisory:express-session:EFt7h/FZLeopARa06+F2CBY5ItUm007mP/cHgZjTJZX1MeIwg3JD7toSioRoDeE8wm5VdkimqlS+CnuPhZqbIg== Completed in 0ms
313 timing metavuln:calculate:security-advisory:express-session:EFt7h/FZLeopARa06+F2CBY5ItUm007mP/cHgZjTJZX1MeIwg3JD7toSioRoDeE8wm5VdkimqlS+CnuPhZqbIg== Completed in 6ms
314 timing metavuln:cache:get:security-advisory:@node-red/nodes:GrFu1PUuV0hJAN8B8Bmfp/F/aPV9iT/r+tULQi1NQiXvg5DwKywK9tEeDyLgLedgDqWkiFbiwe9QGGSrrmKIdg== Completed in 7ms
315 timing metavuln:load:security-advisory:@node-red/nodes:EFt7h/FZLeopARa06+F2CBY5ItUm007mP/cHgZjTJZX1MeIwg3JD7toSioRoDeE8wm5VdkimqlS+CnuPhZqbIg== Completed in 1ms
316 timing metavuln:calculate:security-advisory:@node-red/nodes:EFt7h/FZLeopARa06+F2CBY5ItUm007mP/cHgZjTJZX1MeIwg3JD7toSioRoDeE8wm5VdkimqlS+CnuPhZqbIg== Completed in 9ms
317 timing metavuln:cache:put:security-advisory:node-red-contrib-https:RklRLAhHEi2GJoReIXc0anJowQlEi3UGwR8E9dmnEJc2dHPznaXWd76Wv/fpsSfTuH9DRldbGgv2tw0iCCAoLg== Completed in 10ms
318 timing metavuln:calculate:security-advisory:node-red-contrib-https:EFt7h/FZLeopARa06+F2CBY5ItUm007mP/cHgZjTJZX1MeIwg3JD7toSioRoDeE8wm5VdkimqlS+CnuPhZqbIg== Completed in 12ms
319 http fetch GET 200 https://registry.npmjs.org/cookie-parser 77ms (cache revalidated)
320 timing metavuln:packument:cookie-parser Completed in 77ms
321 timing metavuln:load:security-advisory:cookie-parser:EFt7h/FZLeopARa06+F2CBY5ItUm007mP/cHgZjTJZX1MeIwg3JD7toSioRoDeE8wm5VdkimqlS+CnuPhZqbIg== Completed in 1ms
322 timing metavuln:calculate:security-advisory:cookie-parser:EFt7h/FZLeopARa06+F2CBY5ItUm007mP/cHgZjTJZX1MeIwg3JD7toSioRoDeE8wm5VdkimqlS+CnuPhZqbIg== Completed in 79ms
323 timing metavuln:cache:get:security-advisory:mqtt:4gPZcANtTelICnU+g9nZL8GV7jD7tP3jZqcfxAdIfdaxllOfLJjIUeP/X1HNcYiU2oUWoMP2xAzNgvCD6c8J0w== Completed in 11ms
324 timing metavuln:cache:get:security-advisory:@node-red/nodes:HK/XUFKkIBVKTsIwD0+RhDTugXd8sS3zKgrZ2UBlPhzEGI/1osJLho0aF77JJVmXpyijMN4p9MRj9wYAHnexLg== Completed in 11ms
325 timing metavuln:load:security-advisory:@node-red/nodes:N8g2qAUvG7gJk0uIxvf7eawnYiVM58YMaKRZl7X9WWy+42qPe0Hts/0lWzP3xVay7NIbSsW6+HWbKdYCtuWhlw== Completed in 0ms
326 timing metavuln:calculate:security-advisory:@node-red/nodes:N8g2qAUvG7gJk0uIxvf7eawnYiVM58YMaKRZl7X9WWy+42qPe0Hts/0lWzP3xVay7NIbSsW6+HWbKdYCtuWhlw== Completed in 11ms
327 timing metavuln:cache:get:security-advisory:@node-red/editor-api:hBMPSKXpOQeP//m0ogdSeSrxP29NLVRs3r3DwiFLqA+y6LVdglhZaesje923gxwrVi+diLMLwnQD70L8wRE89g== Completed in 13ms
328 timing metavuln:load:security-advisory:@node-red/editor-api:N8g2qAUvG7gJk0uIxvf7eawnYiVM58YMaKRZl7X9WWy+42qPe0Hts/0lWzP3xVay7NIbSsW6+HWbKdYCtuWhlw== Completed in 0ms
329 timing metavuln:calculate:security-advisory:@node-red/editor-api:N8g2qAUvG7gJk0uIxvf7eawnYiVM58YMaKRZl7X9WWy+42qPe0Hts/0lWzP3xVay7NIbSsW6+HWbKdYCtuWhlw== Completed in 13ms
330 http fetch GET 200 https://registry.npmjs.org/mqtt 91ms (cache revalidated)
331 timing metavuln:packument:mqtt Completed in 95ms
332 timing metavuln:load:security-advisory:mqtt:N8g2qAUvG7gJk0uIxvf7eawnYiVM58YMaKRZl7X9WWy+42qPe0Hts/0lWzP3xVay7NIbSsW6+HWbKdYCtuWhlw== Completed in 0ms
333 timing metavuln:calculate:security-advisory:mqtt:N8g2qAUvG7gJk0uIxvf7eawnYiVM58YMaKRZl7X9WWy+42qPe0Hts/0lWzP3xVay7NIbSsW6+HWbKdYCtuWhlw== Completed in 96ms
334 timing metavuln:cache:get:security-advisory:@node-red/editor-api:gkn5Wz4IsqobDVSdpQdUio9y1kbpQGMb3svHjFogB9fBkchzVdfM4pyOgOf5R0BwzitPePcqyc4D7dKs3cWyJA== Completed in 6ms
335 timing metavuln:load:security-advisory:@node-red/editor-api:Y6ACp2DmYM+0HQ/I8CvEhLQJwNp8DOoQ76C8ObH06Y0qG40PIuVRmOi3OWzwUOTASTLCIWqeicWSO/acR3aaGQ== Completed in 1ms
336 timing metavuln:calculate:security-advisory:@node-red/editor-api:Y6ACp2DmYM+0HQ/I8CvEhLQJwNp8DOoQ76C8ObH06Y0qG40PIuVRmOi3OWzwUOTASTLCIWqeicWSO/acR3aaGQ== Completed in 7ms
337 timing metavuln:cache:get:security-advisory:@node-red/runtime:4egPVIOfn1+81vt/C0cRku0gkOaAc25MIw5p8uHJucOGWrIVAuWstyEi59LfBBkuWnuUTg2Afaf1m8w9rNoFLw== Completed in 7ms
338 timing metavuln:cache:get:security-advisory:node-red:7ONkx0AukNofVjhHOBVwT+PIvQ+VOcE+wAZoRMgPQP1uYDah+cRjZhuuVlBBpyYzoYKOynEJQNu00WUmepptOw== Completed in 6ms
339 http fetch GET 200 https://registry.npmjs.org/node-red 83ms (cache revalidated)
340 timing metavuln:packument:node-red Completed in 88ms
341 timing metavuln:load:security-advisory:node-red:Y6ACp2DmYM+0HQ/I8CvEhLQJwNp8DOoQ76C8ObH06Y0qG40PIuVRmOi3OWzwUOTASTLCIWqeicWSO/acR3aaGQ== Completed in 1ms
342 timing metavuln:calculate:security-advisory:node-red:Y6ACp2DmYM+0HQ/I8CvEhLQJwNp8DOoQ76C8ObH06Y0qG40PIuVRmOi3OWzwUOTASTLCIWqeicWSO/acR3aaGQ== Completed in 89ms
343 http fetch GET 200 https://registry.npmjs.org/@node-red%2fruntime 115ms (cache revalidated)
344 timing metavuln:packument:@node-red/runtime Completed in 118ms
345 timing metavuln:load:security-advisory:@node-red/runtime:Y6ACp2DmYM+0HQ/I8CvEhLQJwNp8DOoQ76C8ObH06Y0qG40PIuVRmOi3OWzwUOTASTLCIWqeicWSO/acR3aaGQ== Completed in 0ms
346 timing metavuln:calculate:security-advisory:@node-red/runtime:Y6ACp2DmYM+0HQ/I8CvEhLQJwNp8DOoQ76C8ObH06Y0qG40PIuVRmOi3OWzwUOTASTLCIWqeicWSO/acR3aaGQ== Completed in 118ms
347 timing metavuln:cache:get:security-advisory:node-red-contrib-https:BmnfpZY4kmlY33ZR5LGz4p/Et6o/cXgJnpbcCH6deBHIofpmDsXKgfqgDwPG6h5pDHfzrNJrJtpANujrK+AESA== Completed in 1ms
348 timing metavuln:load:security-advisory:node-red-contrib-https:Vc5ATTa4ISaV60JUGRLdeb3caHRdETZ1fqKy/NzbTDpqibD48B9PgAckl+9+ATZwOukNIx168QkTjvxmITFQYw== Completed in 0ms
349 timing metavuln:cache:get:security-advisory:@node-red/nodes:eKbaX5t6/K6HjmUsQnrUhWL+V8OPRJU02X1P5UBQul+yZOhMEZIsoBgQ9+HcT59d0tLMoDrZxxkDdLJrZOlYNA== Completed in 3ms
350 timing metavuln:load:security-advisory:@node-red/nodes:Vc5ATTa4ISaV60JUGRLdeb3caHRdETZ1fqKy/NzbTDpqibD48B9PgAckl+9+ATZwOukNIx168QkTjvxmITFQYw== Completed in 0ms
351 timing metavuln:calculate:security-advisory:@node-red/nodes:Vc5ATTa4ISaV60JUGRLdeb3caHRdETZ1fqKy/NzbTDpqibD48B9PgAckl+9+ATZwOukNIx168QkTjvxmITFQYw== Completed in 4ms
352 timing metavuln:cache:get:security-advisory:axios:zGendEp3BQM9HQE9ViEEJD3PP5MeIewuIK2c6jO/Wgf8JLFR2T9/xCSVu2sGZm9pNB1Ibr9Z48iaKKnpZes8oA== Completed in 4ms
353 timing metavuln:load:security-advisory:axios:Vc5ATTa4ISaV60JUGRLdeb3caHRdETZ1fqKy/NzbTDpqibD48B9PgAckl+9+ATZwOukNIx168QkTjvxmITFQYw== Completed in 0ms
354 timing metavuln:calculate:security-advisory:axios:Vc5ATTa4ISaV60JUGRLdeb3caHRdETZ1fqKy/NzbTDpqibD48B9PgAckl+9+ATZwOukNIx168QkTjvxmITFQYw== Completed in 4ms
355 timing metavuln:cache:put:security-advisory:node-red-contrib-https:BmnfpZY4kmlY33ZR5LGz4p/Et6o/cXgJnpbcCH6deBHIofpmDsXKgfqgDwPG6h5pDHfzrNJrJtpANujrK+AESA== Completed in 6ms
356 timing metavuln:calculate:security-advisory:node-red-contrib-https:Vc5ATTa4ISaV60JUGRLdeb3caHRdETZ1fqKy/NzbTDpqibD48B9PgAckl+9+ATZwOukNIx168QkTjvxmITFQYw== Completed in 7ms
357 timing metavuln:cache:get:security-advisory:serve-static:rFrbBZRsSM/oAPkR1kIOYwnT14s34lSDNsxxJua0O3dwCHVL9UuENLbLNsnwWaFICcgsfpfgwdjwWHwu1nJzWQ== Completed in 2ms
358 timing metavuln:load:security-advisory:serve-static:OO84Jm+bi6L8ol/TxvTv+544ykBtTelmjwigseeY2D0sCzg0KsHTtaRRJob9h32hC3fi9i3JSBR51oHF0vvyRQ== Completed in 0ms
359 timing metavuln:calculate:security-advisory:serve-static:OO84Jm+bi6L8ol/TxvTv+544ykBtTelmjwigseeY2D0sCzg0KsHTtaRRJob9h32hC3fi9i3JSBR51oHF0vvyRQ== Completed in 2ms
360 timing metavuln:cache:get:security-advisory:express:Qe6VF1gD5PmAmaVNrJr0J8EQ8Qwml8HW8gKRPrVTt49nXoALpdty5p0HEWXknOQEYO9qrvzPNstxfrAZkwfmTA== Completed in 2ms
361 timing metavuln:load:security-advisory:express:OO84Jm+bi6L8ol/TxvTv+544ykBtTelmjwigseeY2D0sCzg0KsHTtaRRJob9h32hC3fi9i3JSBR51oHF0vvyRQ== Completed in 1ms
362 timing metavuln:calculate:security-advisory:express:OO84Jm+bi6L8ol/TxvTv+544ykBtTelmjwigseeY2D0sCzg0KsHTtaRRJob9h32hC3fi9i3JSBR51oHF0vvyRQ== Completed in 4ms
363 timing metavuln:cache:get:security-advisory:express:kykTo4VuC2rM2MB0/ANQ51tOegcUPd67Lh4iIK7TUUpqt61eQaJ70XtItcffrJ8PoIYxwtnuqm5DJGT19JMA/A== Completed in 2ms
364 timing metavuln:load:security-advisory:express:VyBBWzRCPk4QPwU71mkZJ+QZdwW0bnbx/lUJDdvhij3t67jGrB4z2A5Ryyta1VjZgpmZ9kuyannc46B7jSSuiQ== Completed in 0ms
365 timing metavuln:calculate:security-advisory:express:VyBBWzRCPk4QPwU71mkZJ+QZdwW0bnbx/lUJDdvhij3t67jGrB4z2A5Ryyta1VjZgpmZ9kuyannc46B7jSSuiQ== Completed in 2ms
366 timing metavuln:cache:get:security-advisory:express:LRbUnr0WeU21QXyqYq0LKWnxCksZVHamePIRXV3//T9Aj7u3VWNsnM6K5ujI/Z6dfOKKNzbMDayMt+lQ7d6K3A== Completed in 2ms
367 timing metavuln:load:security-advisory:express:1zdQfT/2s1/9HPIPcJl7TnWCFxsytt3sSe7T+xPf8FNpp2H4co4yvyKagGg4lKEjTVlcftvXdieAZPONp1djoQ== Completed in 0ms
368 timing metavuln:calculate:security-advisory:express:1zdQfT/2s1/9HPIPcJl7TnWCFxsytt3sSe7T+xPf8FNpp2H4co4yvyKagGg4lKEjTVlcftvXdieAZPONp1djoQ== Completed in 2ms
369 timing metavuln:cache:get:security-advisory:node-red:JOs2oBeffLE7CjOEnm/LFqvfzp+V3H5fhZxIYH3zMCWyWxYRprYIGJBV8Uv5uTHD68OKnluuWLcqZqWdn2t8Rg== Completed in 1ms
370 timing metavuln:load:security-advisory:node-red:GAPB5oHP0LfYPCGozPUN0/aJdOifjwvIQjQrPA7Zf7WaeeJVU5JIptP6lgCGsfnRVhPRDyOyaX3cGEKctiHu5g== Completed in 0ms
371 timing metavuln:calculate:security-advisory:node-red:GAPB5oHP0LfYPCGozPUN0/aJdOifjwvIQjQrPA7Zf7WaeeJVU5JIptP6lgCGsfnRVhPRDyOyaX3cGEKctiHu5g== Completed in 1ms
372 timing metavuln:cache:get:security-advisory:node-red:09CjsWeOY9Tg1LT83cKf/ItES9IU22zSFFFuiRUZNmQhF4gd0tn/et6iBL2wFuRwXiT0mfjvVMmgIKin842XRQ== Completed in 1ms
373 timing metavuln:load:security-advisory:node-red:ESczJjBjy21KcbVq362XWZylQcU0pRIENIjkTnUCsRt+0KNhvA57wEPEyXc/2agDt+N2c8f6LfqLjM49Rr14oQ== Completed in 1ms
374 timing metavuln:calculate:security-advisory:node-red:ESczJjBjy21KcbVq362XWZylQcU0pRIENIjkTnUCsRt+0KNhvA57wEPEyXc/2agDt+N2c8f6LfqLjM49Rr14oQ== Completed in 2ms
375 timing metavuln:cache:get:security-advisory:@node-red/editor-api:YzvubnKA0xzxKvVgPdgV5XlHQCRNdqLXXnDlC8e3I79CgfO18E3LvlPxFm7pMRx5S0MrZrMd6YkQvhIlLFYIEQ== Completed in 0ms
376 timing metavuln:load:security-advisory:@node-red/editor-api:wMNaFhKiShCC1n8d6Vurah9Tg+OH6hUJ0QyqEQKikAdNih2n7c9rl9FOYr1SwuYmy95c0qUaicIh2p5dg7pDSQ== Completed in 10ms
377 timing metavuln:cache:put:security-advisory:@node-red/editor-api:YzvubnKA0xzxKvVgPdgV5XlHQCRNdqLXXnDlC8e3I79CgfO18E3LvlPxFm7pMRx5S0MrZrMd6YkQvhIlLFYIEQ== Completed in 3ms
378 timing metavuln:calculate:security-advisory:@node-red/editor-api:wMNaFhKiShCC1n8d6Vurah9Tg+OH6hUJ0QyqEQKikAdNih2n7c9rl9FOYr1SwuYmy95c0qUaicIh2p5dg7pDSQ== Completed in 13ms
379 timing metavuln:cache:get:security-advisory:@node-red/nodes:0kdEYrHJRgkIy/7p3TgmmKqTzqqqt+ACFZfO3+6T2BBSrzu8gOJcClid0u0JcH44gsavTnNZwtTLjSIWDOsT5g== Completed in 2ms
380 timing metavuln:load:security-advisory:@node-red/nodes:wMGY3CTwe1TilEBppkXmFEhwLd0qajxRq2E+aSYE5xmodo241jSbmUsYne+laUgMsb4eY82rGeNCJeLwFX3edQ== Completed in 0ms
381 timing metavuln:calculate:security-advisory:@node-red/nodes:wMGY3CTwe1TilEBppkXmFEhwLd0qajxRq2E+aSYE5xmodo241jSbmUsYne+laUgMsb4eY82rGeNCJeLwFX3edQ== Completed in 2ms
382 timing metavuln:cache:get:security-advisory:node-red:1j+4rZzTWIiZTeSoulNnEiSDvFmjQMKgfflrhepRZOD4jDnaKD4A9kR8Iqsm2DMmlWXak1u1H6TYxcyLXHo6zA== Completed in 2ms
383 timing metavuln:load:security-advisory:node-red:4egPVIOfn1+81vt/C0cRku0gkOaAc25MIw5p8uHJucOGWrIVAuWstyEi59LfBBkuWnuUTg2Afaf1m8w9rNoFLw== Completed in 0ms
384 timing metavuln:calculate:security-advisory:node-red:4egPVIOfn1+81vt/C0cRku0gkOaAc25MIw5p8uHJucOGWrIVAuWstyEi59LfBBkuWnuUTg2Afaf1m8w9rNoFLw== Completed in 2ms
385 timing auditReport:init Completed in 920ms
386 timing reify:audit Completed in 1228ms
387 timing reify Completed in 2886ms
388 silly ADD node_modules/clone-response
389 silly ADD node_modules/clone-response/node_modules/mimic-response
390 silly ADD node_modules/@types/keyv
391 silly ADD node_modules/@types/responselike
392 silly ADD node_modules/@types/cacheable-request
393 silly ADD node_modules/node-red-contrib-https
394 silly ADD node_modules/node-red-contrib-https/node_modules/normalize-url
395 silly ADD node_modules/node-red-contrib-https/node_modules/get-stream
396 silly ADD node_modules/node-red-contrib-https/node_modules/responselike
397 silly ADD node_modules/node-red-contrib-https/node_modules/p-cancelable
398 silly ADD node_modules/node-red-contrib-https/node_modules/lowercase-keys
399 silly ADD node_modules/node-red-contrib-https/node_modules/http2-wrapper
400 silly ADD node_modules/node-red-contrib-https/node_modules/cacheable-request
401 silly ADD node_modules/node-red-contrib-https/node_modules/cacheable-lookup
402 silly ADD node_modules/node-red-contrib-https/node_modules/@szmarczak/http-timer
403 silly ADD node_modules/node-red-contrib-https/node_modules/@sindresorhus/is
404 silly ADD node_modules/node-red-contrib-https/node_modules/uuid
405 silly ADD node_modules/node-red-contrib-https/node_modules/hpagent
406 silly ADD node_modules/node-red-contrib-https/node_modules/got
407 silly ADD node_modules/node-red-contrib-https/node_modules/cookie
408 timing command:install Completed in 2910ms
409 verbose exit 0
410 timing npm Completed in 2962ms
411 info ok
